生成启动时间为 2018/11/14 22:45:29。
     1>项目“F:\vs project\rtti1\rtti1\rtti1.vcxproj”在节点 2 上(build 个目标)。
     1>InitializeBuildStatus:
         正在创建“Debug\rtti1.unsuccessfulbuild”，因为已指定“AlwaysCreate”。
       ClCompile:
         C:\Program Files (x86)\Microsoft Visual Studio 10.0\VC\bin\CL.exe /c /ZI /nologo /W3 /WX- /Od /Oy- /D WIN32 /D _DEBUG /D _CONSOLE /D _UNICODE /D UNICODE /Gm /EHsc /RTC1 /MDd /GS /fp:precise /Zc:wchar_t /Zc:forScope /Fo"Debug\\" /Fd"Debug\vc100.pdb" /Gd /TP /analyze- /errorReport:prompt RTTI.cpp
         RTTI.cpp
     1>f:\vs project\rtti1\rtti1\rtti.cpp(43): warning C4244: “参数”: 从“time_t”转换到“unsigned int”，可能丢失数据
       ManifestResourceCompile:
         所有输出均为最新。
       Link:
         C:\Program Files (x86)\Microsoft Visual Studio 10.0\VC\bin\link.exe /ERRORREPORT:PROMPT /OUT:"F:\vs project\rtti1\Debug\rtti1.exe" /INCREMENTAL /NOLOGO kernel32.lib user32.lib gdi32.lib winspool.lib comdlg32.lib advapi32.lib shell32.lib ole32.lib oleaut32.lib uuid.lib odbc32.lib odbccp32.lib /MANIFEST /ManifestFile:"Debug\rtti1.exe.intermediate.manifest" /MANIFESTUAC:"level='asInvoker' uiAccess='false'" /DEBUG /PDB:"F:\vs project\rtti1\Debug\rtti1.pdb" /SUBSYSTEM:CONSOLE /TLBID:1 /DYNAMICBASE /NXCOMPAT /IMPLIB:"F:\vs project\rtti1\Debug\rtti1.lib" /MACHINE:X86 Debug\rtti1.exe.embed.manifest.res
         Debug\RTTI.obj
       Manifest:
         C:\Program Files (x86)\Microsoft SDKs\Windows\v7.0A\bin\mt.exe /nologo /verbose /out:"Debug\rtti1.exe.embed.manifest" /manifest Debug\rtti1.exe.intermediate.manifest
         所有输出均为最新。
       LinkEmbedManifest:
         所有输出均为最新。
         rtti1.vcxproj -> F:\vs project\rtti1\Debug\rtti1.exe
       FinalizeBuildStatus:
         正在删除文件“Debug\rtti1.unsuccessfulbuild”。
         正在对“Debug\rtti1.lastbuildstate”执行 Touch 任务。
     1>已完成生成项目“F:\vs project\rtti1\rtti1\rtti1.vcxproj”(build 个目标)的操作。

生成成功。

已用时间 00:00:00.71
