生成启动时间为 2018/8/14 11:03:14。
     1>项目“F:\vs project\DLL\DLL\DLL.vcxproj”在节点 2 上(build 个目标)。
     1>InitializeBuildStatus:
         正在创建“Debug\DLL.unsuccessfulbuild”，因为已指定“AlwaysCreate”。
       ClCompile:
         所有输出均为最新。
         所有输出均为最新。
         C:\Program Files (x86)\Microsoft Visual Studio 10.0\VC\bin\CL.exe /c /ZI /nologo /W3 /WX- /Od /Oy- /D WIN32 /D _DEBUG /D _WINDOWS /D _USRDLL /D DLL_EXPORTS /D _WINDLL /D _UNICODE /D UNICODE /Gm /EHsc /RTC1 /MDd /GS /fp:precise /Zc:wchar_t /Zc:forScope /Fo"Debug\\" /Fd"Debug\vc100.pdb" /Gd /TP /analyze- /errorReport:prompt dllmain.cpp
         dllmain.cpp
       ManifestResourceCompile:
         所有输出均为最新。
       Link:
         C:\Program Files (x86)\Microsoft Visual Studio 10.0\VC\bin\link.exe /ERRORREPORT:PROMPT /OUT:"F:\vs project\DLL\Debug\DLL.dll" /INCREMENTAL /NOLOGO kernel32.lib user32.lib gdi32.lib winspool.lib comdlg32.lib advapi32.lib shell32.lib ole32.lib oleaut32.lib uuid.lib odbc32.lib odbccp32.lib /MANIFEST /ManifestFile:"Debug\DLL.dll.intermediate.manifest" /MANIFESTUAC:"level='asInvoker' uiAccess='false'" /DEBUG /PDB:"F:\vs project\DLL\Debug\DLL.pdb" /SUBSYSTEM:WINDOWS /TLBID:1 /DYNAMICBASE /NXCOMPAT /IMPLIB:"F:\vs project\DLL\Debug\DLL.lib" /MACHINE:X86 /DLL Debug\DLL.dll.embed.manifest.res
         Debug\DLL.obj
         Debug\dllmain.obj
         Debug\stdafx.obj
            正在创建库 F:\vs project\DLL\Debug\DLL.lib 和对象 F:\vs project\DLL\Debug\DLL.exp
       Manifest:
         C:\Program Files (x86)\Microsoft SDKs\Windows\v7.0A\bin\mt.exe /nologo /verbose /out:"Debug\DLL.dll.embed.manifest" /manifest Debug\DLL.dll.intermediate.manifest
         所有输出均为最新。
       LinkEmbedManifest:
         所有输出均为最新。
         DLL.vcxproj -> F:\vs project\DLL\Debug\DLL.dll
       FinalizeBuildStatus:
         正在删除文件“Debug\DLL.unsuccessfulbuild”。
         正在对“Debug\DLL.lastbuildstate”执行 Touch 任务。
     1>已完成生成项目“F:\vs project\DLL\DLL\DLL.vcxproj”(build 个目标)的操作。

生成成功。

已用时间 00:00:00.62
