F:\VS PROJECT\XJOI\DEBUG\字符矩阵难题.EXE
F:\VS PROJECT\XJOI\DEBUG\字符矩阵难题.ILK
F:\VS PROJECT\XJOI\DEBUG\字符矩阵难题.PDB
F:\vs project\XJOI\字符矩阵难题\Debug\cl.command.1.tlog
F:\vs project\XJOI\字符矩阵难题\Debug\CL.read.1.tlog
F:\vs project\XJOI\字符矩阵难题\Debug\CL.write.1.tlog
F:\vs project\XJOI\字符矩阵难题\Debug\link.8480.read.1.tlog
F:\vs project\XJOI\字符矩阵难题\Debug\link.8480.write.1.tlog
F:\vs project\XJOI\字符矩阵难题\Debug\link.8480-cvtres.read.1.tlog
F:\vs project\XJOI\字符矩阵难题\Debug\link.8480-cvtres.write.1.tlog
F:\vs project\XJOI\字符矩阵难题\Debug\link.command.1.tlog
F:\vs project\XJOI\字符矩阵难题\Debug\link.read.1.tlog
F:\vs project\XJOI\字符矩阵难题\Debug\link.write.1.tlog
F:\vs project\XJOI\字符矩阵难题\Debug\link-cvtres.read.1.tlog
F:\vs project\XJOI\字符矩阵难题\Debug\link-cvtres.write.1.tlog
F:\vs project\XJOI\字符矩阵难题\Debug\mt.command.1.tlog
F:\vs project\XJOI\字符矩阵难题\Debug\mt.read.1.tlog
F:\vs project\XJOI\字符矩阵难题\Debug\mt.write.1.tlog
F:\vs project\XJOI\字符矩阵难题\Debug\rc.command.1.tlog
F:\vs project\XJOI\字符矩阵难题\Debug\rc.read.1.tlog
F:\vs project\XJOI\字符矩阵难题\Debug\rc.write.1.tlog
F:\vs project\XJOI\字符矩阵难题\Debug\vc100.idb
F:\VS PROJECT\XJOI\字符矩阵难题\DEBUG\VC100.PDB
F:\VS PROJECT\XJOI\字符矩阵难题\DEBUG\字符矩阵难题.EXE.EMBED.MANIFEST
F:\VS PROJECT\XJOI\字符矩阵难题\DEBUG\字符矩阵难题.EXE.EMBED.MANIFEST.RES
F:\VS PROJECT\XJOI\字符矩阵难题\DEBUG\字符矩阵难题.EXE.INTERMEDIATE.MANIFEST
F:\VS PROJECT\XJOI\字符矩阵难题\DEBUG\字符矩阵难题.OBJ
F:\vs project\XJOI\字符矩阵难题\Debug\字符矩阵难题.write.1.tlog
F:\vs project\XJOI\字符矩阵难题\Debug\字符矩阵难题_manifest.rc
