F:\VS PROJECT\XJOI\DEBUG\模线性方程.EXE
F:\VS PROJECT\XJOI\DEBUG\模线性方程.ILK
F:\VS PROJECT\XJOI\DEBUG\模线性方程.PDB
F:\vs project\XJOI\模线性方程\Debug\cl.command.1.tlog
F:\vs project\XJOI\模线性方程\Debug\CL.read.1.tlog
F:\vs project\XJOI\模线性方程\Debug\CL.write.1.tlog
F:\vs project\XJOI\模线性方程\Debug\link.8216.read.1.tlog
F:\vs project\XJOI\模线性方程\Debug\link.8216.write.1.tlog
F:\vs project\XJOI\模线性方程\Debug\link.8216-cvtres.read.1.tlog
F:\vs project\XJOI\模线性方程\Debug\link.8216-cvtres.write.1.tlog
F:\vs project\XJOI\模线性方程\Debug\link.command.1.tlog
F:\vs project\XJOI\模线性方程\Debug\link.read.1.tlog
F:\vs project\XJOI\模线性方程\Debug\link.write.1.tlog
F:\vs project\XJOI\模线性方程\Debug\link-cvtres.read.1.tlog
F:\vs project\XJOI\模线性方程\Debug\link-cvtres.write.1.tlog
F:\vs project\XJOI\模线性方程\Debug\mt.command.1.tlog
F:\vs project\XJOI\模线性方程\Debug\mt.read.1.tlog
F:\vs project\XJOI\模线性方程\Debug\mt.write.1.tlog
F:\vs project\XJOI\模线性方程\Debug\rc.command.1.tlog
F:\vs project\XJOI\模线性方程\Debug\rc.read.1.tlog
F:\vs project\XJOI\模线性方程\Debug\rc.write.1.tlog
F:\vs project\XJOI\模线性方程\Debug\vc100.idb
F:\VS PROJECT\XJOI\模线性方程\DEBUG\VC100.PDB
F:\VS PROJECT\XJOI\模线性方程\DEBUG\模线性方程.EXE.EMBED.MANIFEST
F:\VS PROJECT\XJOI\模线性方程\DEBUG\模线性方程.EXE.EMBED.MANIFEST.RES
F:\VS PROJECT\XJOI\模线性方程\DEBUG\模线性方程.EXE.INTERMEDIATE.MANIFEST
F:\VS PROJECT\XJOI\模线性方程\DEBUG\模线性方程.OBJ
F:\vs project\XJOI\模线性方程\Debug\模线性方程.vcxprojResolveAssemblyReference.cache
F:\vs project\XJOI\模线性方程\Debug\模线性方程.write.1.tlog
F:\vs project\XJOI\模线性方程\Debug\模线性方程_manifest.rc
