F:\VS PROJECT\XJOI\DEBUG\过桥问题.EXE
F:\VS PROJECT\XJOI\DEBUG\过桥问题.ILK
F:\VS PROJECT\XJOI\DEBUG\过桥问题.PDB
F:\vs project\XJOI\过桥问题\Debug\cl.command.1.tlog
F:\vs project\XJOI\过桥问题\Debug\CL.read.1.tlog
F:\vs project\XJOI\过桥问题\Debug\CL.write.1.tlog
F:\vs project\XJOI\过桥问题\Debug\link.7784.read.1.tlog
F:\vs project\XJOI\过桥问题\Debug\link.7784.write.1.tlog
F:\vs project\XJOI\过桥问题\Debug\link.7784-cvtres.read.1.tlog
F:\vs project\XJOI\过桥问题\Debug\link.7784-cvtres.write.1.tlog
F:\vs project\XJOI\过桥问题\Debug\link.command.1.tlog
F:\vs project\XJOI\过桥问题\Debug\link.read.1.tlog
F:\vs project\XJOI\过桥问题\Debug\link.write.1.tlog
F:\vs project\XJOI\过桥问题\Debug\link-cvtres.read.1.tlog
F:\vs project\XJOI\过桥问题\Debug\link-cvtres.write.1.tlog
F:\vs project\XJOI\过桥问题\Debug\mt.command.1.tlog
F:\vs project\XJOI\过桥问题\Debug\mt.read.1.tlog
F:\vs project\XJOI\过桥问题\Debug\mt.write.1.tlog
F:\vs project\XJOI\过桥问题\Debug\rc.command.1.tlog
F:\vs project\XJOI\过桥问题\Debug\rc.read.1.tlog
F:\vs project\XJOI\过桥问题\Debug\rc.write.1.tlog
F:\vs project\XJOI\过桥问题\Debug\vc100.idb
F:\VS PROJECT\XJOI\过桥问题\DEBUG\VC100.PDB
F:\VS PROJECT\XJOI\过桥问题\DEBUG\过桥.OBJ
F:\VS PROJECT\XJOI\过桥问题\DEBUG\过桥问题.EXE.EMBED.MANIFEST
F:\VS PROJECT\XJOI\过桥问题\DEBUG\过桥问题.EXE.EMBED.MANIFEST.RES
F:\VS PROJECT\XJOI\过桥问题\DEBUG\过桥问题.EXE.INTERMEDIATE.MANIFEST
F:\vs project\XJOI\过桥问题\Debug\过桥问题.write.1.tlog
F:\vs project\XJOI\过桥问题\Debug\过桥问题_manifest.rc
