F:\VS PROJECT\XJOI\DEBUG\数组重排.EXE
F:\VS PROJECT\XJOI\DEBUG\数组重排.ILK
F:\VS PROJECT\XJOI\DEBUG\数组重排.PDB
F:\vs project\XJOI\数组重排\Debug\cl.command.1.tlog
F:\vs project\XJOI\数组重排\Debug\CL.read.1.tlog
F:\vs project\XJOI\数组重排\Debug\CL.write.1.tlog
F:\vs project\XJOI\数组重排\Debug\link.9560.read.1.tlog
F:\vs project\XJOI\数组重排\Debug\link.9560.write.1.tlog
F:\vs project\XJOI\数组重排\Debug\link.9560-cvtres.read.1.tlog
F:\vs project\XJOI\数组重排\Debug\link.9560-cvtres.write.1.tlog
F:\vs project\XJOI\数组重排\Debug\link.command.1.tlog
F:\vs project\XJOI\数组重排\Debug\link.read.1.tlog
F:\vs project\XJOI\数组重排\Debug\link.write.1.tlog
F:\vs project\XJOI\数组重排\Debug\link-cvtres.read.1.tlog
F:\vs project\XJOI\数组重排\Debug\link-cvtres.write.1.tlog
F:\vs project\XJOI\数组重排\Debug\mt.command.1.tlog
F:\vs project\XJOI\数组重排\Debug\mt.read.1.tlog
F:\vs project\XJOI\数组重排\Debug\mt.write.1.tlog
F:\vs project\XJOI\数组重排\Debug\rc.command.1.tlog
F:\vs project\XJOI\数组重排\Debug\rc.read.1.tlog
F:\vs project\XJOI\数组重排\Debug\rc.write.1.tlog
F:\vs project\XJOI\数组重排\Debug\vc100.idb
F:\VS PROJECT\XJOI\数组重排\DEBUG\VC100.PDB
F:\VS PROJECT\XJOI\数组重排\DEBUG\数组重排.EXE.EMBED.MANIFEST
F:\VS PROJECT\XJOI\数组重排\DEBUG\数组重排.EXE.EMBED.MANIFEST.RES
F:\VS PROJECT\XJOI\数组重排\DEBUG\数组重排.EXE.INTERMEDIATE.MANIFEST
F:\VS PROJECT\XJOI\数组重排\DEBUG\数组重排.OBJ
F:\vs project\XJOI\数组重排\Debug\数组重排.write.1.tlog
F:\vs project\XJOI\数组重排\Debug\数组重排_manifest.rc
