生成启动时间为 2018/9/3 15:32:07。
     1>项目“F:\vs project\Destructor\Destructor\Destructor.vcxproj”在节点 2 上(build 个目标)。
     1>PrepareForBuild:
         正在创建目录“F:\vs project\Destructor\Debug\”。
       InitializeBuildStatus:
         正在创建“Debug\Destructor.unsuccessfulbuild”，因为已指定“AlwaysCreate”。
       ClCompile:
         C:\Program Files (x86)\Microsoft Visual Studio 10.0\VC\bin\CL.exe /c /ZI /nologo /W3 /WX- /Od /Oy- /D WIN32 /D _DEBUG /D _CONSOLE /D _UNICODE /D UNICODE /Gm /EHsc /RTC1 /MDd /GS /fp:precise /Zc:wchar_t /Zc:forScope /Yc"StdAfx.h" /Fp"Debug\Destructor.pch" /Fo"Debug\\" /Fd"Debug\vc100.pdb" /Gd /TP /analyze- /errorReport:prompt stdafx.cpp
         stdafx.cpp
         C:\Program Files (x86)\Microsoft Visual Studio 10.0\VC\bin\CL.exe /c /ZI /nologo /W3 /WX- /Od /Oy- /D WIN32 /D _DEBUG /D _CONSOLE /D _UNICODE /D UNICODE /Gm /EHsc /RTC1 /MDd /GS /fp:precise /Zc:wchar_t /Zc:forScope /Yu"StdAfx.h" /Fp"Debug\Destructor.pch" /Fo"Debug\\" /Fd"Debug\vc100.pdb" /Gd /TP /analyze- /errorReport:prompt Destructor.cpp
         Destructor.cpp
       ManifestResourceCompile:
         C:\Program Files (x86)\Microsoft SDKs\Windows\v7.0A\bin\rc.exe /nologo /fo"Debug\Destructor.exe.embed.manifest.res" Debug\Destructor_manifest.rc 
       Link:
         C:\Program Files (x86)\Microsoft Visual Studio 10.0\VC\bin\link.exe /ERRORREPORT:PROMPT /OUT:"F:\vs project\Destructor\Debug\Destructor.exe" /INCREMENTAL /NOLOGO kernel32.lib user32.lib gdi32.lib winspool.lib comdlg32.lib advapi32.lib shell32.lib ole32.lib oleaut32.lib uuid.lib odbc32.lib odbccp32.lib /MANIFEST /ManifestFile:"Debug\Destructor.exe.intermediate.manifest" /MANIFESTUAC:"level='asInvoker' uiAccess='false'" /DEBUG /PDB:"F:\vs project\Destructor\Debug\Destructor.pdb" /SUBSYSTEM:CONSOLE /TLBID:1 /DYNAMICBASE /NXCOMPAT /IMPLIB:"F:\vs project\Destructor\Debug\Destructor.lib" /MACHINE:X86 Debug\Destructor.exe.embed.manifest.res
         Debug\Destructor.obj
         Debug\stdafx.obj
     1>LINK : warning LNK4067: 不明确的入口点；选定“mainCRTStartup”
       Manifest:
         C:\Program Files (x86)\Microsoft SDKs\Windows\v7.0A\bin\mt.exe /nologo /verbose /out:"Debug\Destructor.exe.embed.manifest" /manifest Debug\Destructor.exe.intermediate.manifest
         C:\Program Files (x86)\Microsoft SDKs\Windows\v7.0A\bin\rc.exe /nologo /fo"Debug\Destructor.exe.embed.manifest.res" Debug\Destructor_manifest.rc 
       LinkEmbedManifest:
         C:\Program Files (x86)\Microsoft Visual Studio 10.0\VC\bin\link.exe /ERRORREPORT:PROMPT /OUT:"F:\vs project\Destructor\Debug\Destructor.exe" /INCREMENTAL /NOLOGO kernel32.lib user32.lib gdi32.lib winspool.lib comdlg32.lib advapi32.lib shell32.lib ole32.lib oleaut32.lib uuid.lib odbc32.lib odbccp32.lib /MANIFEST /ManifestFile:"Debug\Destructor.exe.intermediate.manifest" /MANIFESTUAC:"level='asInvoker' uiAccess='false'" /DEBUG /PDB:"F:\vs project\Destructor\Debug\Destructor.pdb" /SUBSYSTEM:CONSOLE /TLBID:1 /DYNAMICBASE /NXCOMPAT /IMPLIB:"F:\vs project\Destructor\Debug\Destructor.lib" /MACHINE:X86 Debug\Destructor.exe.embed.manifest.res
         Debug\Destructor.obj
         Debug\stdafx.obj
     1>LINK : warning LNK4067: 不明确的入口点；选定“mainCRTStartup”
         Destructor.vcxproj -> F:\vs project\Destructor\Debug\Destructor.exe
       FinalizeBuildStatus:
         正在删除文件“Debug\Destructor.unsuccessfulbuild”。
         正在对“Debug\Destructor.lastbuildstate”执行 Touch 任务。
     1>已完成生成项目“F:\vs project\Destructor\Destructor\Destructor.vcxproj”(build 个目标)的操作。

生成成功。

已用时间 00:00:01.46
