F:\VS PROJECT\XJOI\DEBUG\学生信息系统测试.EXE
F:\VS PROJECT\XJOI\DEBUG\学生信息系统测试.ILK
F:\VS PROJECT\XJOI\DEBUG\学生信息系统测试.PDB
F:\vs project\XJOI\学生信息系统测试\Debug\cl.command.1.tlog
F:\vs project\XJOI\学生信息系统测试\Debug\CL.read.1.tlog
F:\vs project\XJOI\学生信息系统测试\Debug\CL.write.1.tlog
F:\vs project\XJOI\学生信息系统测试\Debug\link.9316.read.1.tlog
F:\vs project\XJOI\学生信息系统测试\Debug\link.9316.write.1.tlog
F:\vs project\XJOI\学生信息系统测试\Debug\link.9316-cvtres.read.1.tlog
F:\vs project\XJOI\学生信息系统测试\Debug\link.9316-cvtres.write.1.tlog
F:\vs project\XJOI\学生信息系统测试\Debug\link.command.1.tlog
F:\vs project\XJOI\学生信息系统测试\Debug\link.read.1.tlog
F:\vs project\XJOI\学生信息系统测试\Debug\link.write.1.tlog
F:\vs project\XJOI\学生信息系统测试\Debug\link-cvtres.read.1.tlog
F:\vs project\XJOI\学生信息系统测试\Debug\link-cvtres.write.1.tlog
F:\vs project\XJOI\学生信息系统测试\Debug\mt.command.1.tlog
F:\vs project\XJOI\学生信息系统测试\Debug\mt.read.1.tlog
F:\vs project\XJOI\学生信息系统测试\Debug\mt.write.1.tlog
F:\vs project\XJOI\学生信息系统测试\Debug\rc.command.1.tlog
F:\vs project\XJOI\学生信息系统测试\Debug\rc.read.1.tlog
F:\vs project\XJOI\学生信息系统测试\Debug\rc.write.1.tlog
F:\vs project\XJOI\学生信息系统测试\Debug\vc100.idb
F:\VS PROJECT\XJOI\学生信息系统测试\DEBUG\VC100.PDB
F:\VS PROJECT\XJOI\学生信息系统测试\DEBUG\学生信息系统测试.EXE.EMBED.MANIFEST
F:\VS PROJECT\XJOI\学生信息系统测试\DEBUG\学生信息系统测试.EXE.EMBED.MANIFEST.RES
F:\VS PROJECT\XJOI\学生信息系统测试\DEBUG\学生信息系统测试.EXE.INTERMEDIATE.MANIFEST
F:\VS PROJECT\XJOI\学生信息系统测试\DEBUG\学生信息系统测试.OBJ
F:\vs project\XJOI\学生信息系统测试\Debug\学生信息系统测试.write.1.tlog
F:\vs project\XJOI\学生信息系统测试\Debug\学生信息系统测试_manifest.rc
