C:\USERS\TK\DOCUMENTS\VISUAL STUDIO 2010\PROJECTS\学军电影院\DEBUG\学军电影院.EXE
C:\USERS\TK\DOCUMENTS\VISUAL STUDIO 2010\PROJECTS\学军电影院\DEBUG\学军电影院.ILK
C:\USERS\TK\DOCUMENTS\VISUAL STUDIO 2010\PROJECTS\学军电影院\DEBUG\学军电影院.PDB
c:\Users\tk\documents\visual studio 2010\Projects\学军电影院\学军电影院\Debug\cl.command.1.tlog
c:\Users\tk\documents\visual studio 2010\Projects\学军电影院\学军电影院\Debug\CL.read.1.tlog
c:\Users\tk\documents\visual studio 2010\Projects\学军电影院\学军电影院\Debug\CL.write.1.tlog
c:\Users\tk\documents\visual studio 2010\Projects\学军电影院\学军电影院\Debug\link.9600.read.1.tlog
c:\Users\tk\documents\visual studio 2010\Projects\学军电影院\学军电影院\Debug\link.9600.write.1.tlog
c:\Users\tk\documents\visual studio 2010\Projects\学军电影院\学军电影院\Debug\link.9600-cvtres.read.1.tlog
c:\Users\tk\documents\visual studio 2010\Projects\学军电影院\学军电影院\Debug\link.9600-cvtres.write.1.tlog
c:\Users\tk\documents\visual studio 2010\Projects\学军电影院\学军电影院\Debug\link.command.1.tlog
c:\Users\tk\documents\visual studio 2010\Projects\学军电影院\学军电影院\Debug\link.read.1.tlog
c:\Users\tk\documents\visual studio 2010\Projects\学军电影院\学军电影院\Debug\link.write.1.tlog
c:\Users\tk\documents\visual studio 2010\Projects\学军电影院\学军电影院\Debug\link-cvtres.read.1.tlog
c:\Users\tk\documents\visual studio 2010\Projects\学军电影院\学军电影院\Debug\link-cvtres.write.1.tlog
C:\USERS\TK\DOCUMENTS\VISUAL STUDIO 2010\PROJECTS\学军电影院\学军电影院\DEBUG\MAIN.OBJ
c:\Users\tk\documents\visual studio 2010\Projects\学军电影院\学军电影院\Debug\mt.command.1.tlog
c:\Users\tk\documents\visual studio 2010\Projects\学军电影院\学军电影院\Debug\mt.read.1.tlog
c:\Users\tk\documents\visual studio 2010\Projects\学军电影院\学军电影院\Debug\mt.write.1.tlog
c:\Users\tk\documents\visual studio 2010\Projects\学军电影院\学军电影院\Debug\rc.command.1.tlog
c:\Users\tk\documents\visual studio 2010\Projects\学军电影院\学军电影院\Debug\rc.read.1.tlog
c:\Users\tk\documents\visual studio 2010\Projects\学军电影院\学军电影院\Debug\rc.write.1.tlog
c:\Users\tk\documents\visual studio 2010\Projects\学军电影院\学军电影院\Debug\vc100.idb
C:\USERS\TK\DOCUMENTS\VISUAL STUDIO 2010\PROJECTS\学军电影院\学军电影院\DEBUG\VC100.PDB
C:\USERS\TK\DOCUMENTS\VISUAL STUDIO 2010\PROJECTS\学军电影院\学军电影院\DEBUG\学军电影院.EXE.EMBED.MANIFEST
C:\USERS\TK\DOCUMENTS\VISUAL STUDIO 2010\PROJECTS\学军电影院\学军电影院\DEBUG\学军电影院.EXE.EMBED.MANIFEST.RES
C:\USERS\TK\DOCUMENTS\VISUAL STUDIO 2010\PROJECTS\学军电影院\学军电影院\DEBUG\学军电影院.EXE.INTERMEDIATE.MANIFEST
c:\Users\tk\documents\visual studio 2010\Projects\学军电影院\学军电影院\Debug\学军电影院.vcxprojResolveAssemblyReference.cache
c:\Users\tk\documents\visual studio 2010\Projects\学军电影院\学军电影院\Debug\学军电影院.write.1.tlog
c:\Users\tk\documents\visual studio 2010\Projects\学军电影院\学军电影院\Debug\学军电影院_manifest.rc
