.\Debug\VAFS2.pdb
.\Debug\VAFS2.tlb
V:\VAFS2\.\Debug\VAFS2.exe.intermediate.manifest
V:\VAFS2\DEBUG\.CNT
V:\VAFS2\DEBUG\.HLP
V:\VAFS2\Debug\cl.command.1.tlog
V:\VAFS2\Debug\CL.read.1.tlog
V:\VAFS2\Debug\CL.write.1.tlog
V:\VAFS2\Debug\custombuild.command.1.tlog
V:\VAFS2\Debug\custombuild.read.1.tlog
V:\VAFS2\Debug\custombuild.write.1.tlog
V:\VAFS2\DEBUG\DEBUGDLG.OBJ
V:\VAFS2\DEBUG\DEBUGDLG.SBR
V:\VAFS2\DEBUG\DELETERCP.OBJ
V:\VAFS2\DEBUG\DELETERCP.SBR
V:\VAFS2\Debug\link.command.1.tlog
V:\VAFS2\Debug\link.read.1.tlog
V:\VAFS2\Debug\link.write.1.tlog
V:\VAFS2\Debug\link-cvtres.read.1.tlog
V:\VAFS2\Debug\link-cvtres.write.1.tlog
V:\VAFS2\DEBUG\LOGIN.OBJ
V:\VAFS2\DEBUG\LOGIN.SBR
V:\VAFS2\Debug\midl.command.1.tlog
V:\VAFS2\Debug\midl.read.1.tlog
V:\VAFS2\Debug\midl.write.1.tlog
V:\VAFS2\Debug\midl-midlc.read.1.tlog
V:\VAFS2\Debug\midl-midlc.write.1.tlog
V:\VAFS2\Debug\midl-midlc-cl.read.1.tlog
V:\VAFS2\DEBUG\MODELEDITDLG.OBJ
V:\VAFS2\DEBUG\MODELEDITDLG.SBR
V:\VAFS2\DEBUG\PARAMETERSET.OBJ
V:\VAFS2\DEBUG\PARAMETERSET.SBR
V:\VAFS2\DEBUG\PARAPRODUCE.OBJ
V:\VAFS2\DEBUG\PARAPRODUCE.SBR
V:\VAFS2\Debug\rc.command.1.tlog
V:\VAFS2\Debug\rc.read.1.tlog
V:\VAFS2\Debug\rc.write.1.tlog
V:\VAFS2\DEBUG\RCPSAVE.OBJ
V:\VAFS2\DEBUG\RCPSAVE.SBR
V:\VAFS2\DEBUG\STDAFX.OBJ
V:\VAFS2\DEBUG\STDAFX.SBR
V:\VAFS2\Debug\VAFS2.exe.embed.manifest
V:\VAFS2\DEBUG\VAFS2.EXE.EMBED.MANIFEST.RES
V:\VAFS2\Debug\VAFS2.exe.intermediate.manifest
V:\VAFS2\DEBUG\VAFS2.OBJ
V:\VAFS2\DEBUG\VAFS2.PCH
V:\VAFS2\Debug\VAFS2.pdb
V:\VAFS2\DEBUG\VAFS2.RES
V:\VAFS2\DEBUG\VAFS2.SBR
V:\VAFS2\DEBUG\VAFS2.TLB
V:\VAFS2\Debug\VAFS2_manifest.rc
V:\VAFS2\DEBUG\VAFS2DLG.OBJ
V:\VAFS2\DEBUG\VAFS2DLG.SBR
V:\VAFS2\DEBUG\VC100.PDB
V:\VAFS2\DEBUG\VISIONSETDLG.OBJ
V:\VAFS2\DEBUG\VISIONSETDLG.SBR
V:\VAFS2\HLP\VAFS2.HM
V:\VAFS2\VAFS2_I.C
V:\VAFS2\VAFS2_I.H
