生成启动时间为 2018/8/14 11:07:58。
     1>项目“F:\vs project\DLL\injecter\injecter.vcxproj”在节点 2 上(build 个目标)。
     1>InitializeBuildStatus:
         正在创建“x64\Debug\injecter.unsuccessfulbuild”，因为已指定“AlwaysCreate”。
       ClCompile:
         所有输出均为最新。
         C:\Program Files (x86)\Microsoft Visual Studio 10.0\VC\bin\x86_amd64\CL.exe /c /Zi /nologo /W3 /WX- /Od /D WIN32 /D _WINDOWS /D _DEBUG /D _UNICODE /D UNICODE /D _AFXDLL /Gm /EHsc /RTC1 /MDd /GS /fp:precise /Zc:wchar_t /Zc:forScope /Yu"StdAfx.h" /Fp"x64\Debug\injecter.pch" /Fo"x64\Debug\\" /Fd"x64\Debug\vc100.pdb" /Gd /TP /errorReport:prompt injecterDlg.cpp
         injecterDlg.cpp
       ResourceCompile:
         所有输出均为最新。
       ManifestResourceCompile:
         所有输出均为最新。
       Link:
         C:\Program Files (x86)\Microsoft Visual Studio 10.0\VC\bin\x86_amd64\link.exe /ERRORREPORT:PROMPT /OUT:"F:\vs project\DLL\x64\Debug\injecter.exe" /INCREMENTAL /NOLOGO /MANIFEST /ManifestFile:"x64\Debug\injecter.exe.intermediate.manifest" /MANIFESTUAC:"level='asInvoker' uiAccess='false'" /DEBUG /PDB:"F:\vs project\DLL\x64\Debug\injecter.pdb" /SUBSYSTEM:WINDOWS /TLBID:1 /ENTRY:"wWinMainCRTStartup" /DYNAMICBASE /NXCOMPAT /IMPLIB:"F:\vs project\DLL\x64\Debug\injecter.lib" /MACHINE:X64 x64\Debug\injecter.res
         x64\Debug\injecter.exe.embed.manifest.res
         x64\Debug\injecter.obj
         x64\Debug\injecterDlg.obj
         x64\Debug\stdafx.obj
         injecter.vcxproj -> F:\vs project\DLL\x64\Debug\injecter.exe
       Manifest:
         C:\Program Files (x86)\Microsoft SDKs\Windows\v7.0A\bin\mt.exe /nologo /verbose /out:"x64\Debug\injecter.exe.embed.manifest" /manifest x64\Debug\injecter.exe.intermediate.manifest "C:\Program Files (x86)\Microsoft Visual Studio 10.0\VC\Include\Manifest\dpiaware.manifest"
         所有输出均为最新。
       LinkEmbedManifest:
         所有输出均为最新。
         injecter.vcxproj -> F:\vs project\DLL\x64\Debug\injecter.exe
       FinalizeBuildStatus:
         正在删除文件“x64\Debug\injecter.unsuccessfulbuild”。
         正在对“x64\Debug\injecter.lastbuildstate”执行 Touch 任务。
     1>已完成生成项目“F:\vs project\DLL\injecter\injecter.vcxproj”(build 个目标)的操作。

生成成功。

已用时间 00:00:00.49
