F:\VS PROJECT\XJOI\DEBUG\扫雷.EXE
F:\VS PROJECT\XJOI\DEBUG\扫雷.ILK
F:\VS PROJECT\XJOI\DEBUG\扫雷.PDB
F:\vs project\XJOI\扫雷\Debug\cl.command.1.tlog
F:\vs project\XJOI\扫雷\Debug\CL.read.1.tlog
F:\vs project\XJOI\扫雷\Debug\CL.write.1.tlog
F:\vs project\XJOI\扫雷\Debug\link.9272.read.1.tlog
F:\vs project\XJOI\扫雷\Debug\link.9272.write.1.tlog
F:\vs project\XJOI\扫雷\Debug\link.9272-cvtres.read.1.tlog
F:\vs project\XJOI\扫雷\Debug\link.9272-cvtres.write.1.tlog
F:\vs project\XJOI\扫雷\Debug\link.command.1.tlog
F:\vs project\XJOI\扫雷\Debug\link.read.1.tlog
F:\vs project\XJOI\扫雷\Debug\link.write.1.tlog
F:\vs project\XJOI\扫雷\Debug\link-cvtres.read.1.tlog
F:\vs project\XJOI\扫雷\Debug\link-cvtres.write.1.tlog
F:\vs project\XJOI\扫雷\Debug\mt.command.1.tlog
F:\vs project\XJOI\扫雷\Debug\mt.read.1.tlog
F:\vs project\XJOI\扫雷\Debug\mt.write.1.tlog
F:\vs project\XJOI\扫雷\Debug\rc.command.1.tlog
F:\vs project\XJOI\扫雷\Debug\rc.read.1.tlog
F:\vs project\XJOI\扫雷\Debug\rc.write.1.tlog
F:\vs project\XJOI\扫雷\Debug\vc100.idb
F:\VS PROJECT\XJOI\扫雷\DEBUG\VC100.PDB
F:\VS PROJECT\XJOI\扫雷\DEBUG\扫雷.EXE.EMBED.MANIFEST
F:\VS PROJECT\XJOI\扫雷\DEBUG\扫雷.EXE.EMBED.MANIFEST.RES
F:\VS PROJECT\XJOI\扫雷\DEBUG\扫雷.EXE.INTERMEDIATE.MANIFEST
F:\VS PROJECT\XJOI\扫雷\DEBUG\扫雷.OBJ
F:\vs project\XJOI\扫雷\Debug\扫雷.write.1.tlog
F:\vs project\XJOI\扫雷\Debug\扫雷_manifest.rc
