F:\VS PROJECT\XJOI\DEBUG\和谐的骑士.EXE
F:\VS PROJECT\XJOI\DEBUG\和谐的骑士.ILK
F:\VS PROJECT\XJOI\DEBUG\和谐的骑士.PDB
F:\vs project\XJOI\和谐的骑士\Debug\cl.command.1.tlog
F:\vs project\XJOI\和谐的骑士\Debug\CL.read.1.tlog
F:\vs project\XJOI\和谐的骑士\Debug\CL.write.1.tlog
F:\vs project\XJOI\和谐的骑士\Debug\link.8884.read.1.tlog
F:\vs project\XJOI\和谐的骑士\Debug\link.8884.write.1.tlog
F:\vs project\XJOI\和谐的骑士\Debug\link.8884-cvtres.read.1.tlog
F:\vs project\XJOI\和谐的骑士\Debug\link.8884-cvtres.write.1.tlog
F:\vs project\XJOI\和谐的骑士\Debug\link.command.1.tlog
F:\vs project\XJOI\和谐的骑士\Debug\link.read.1.tlog
F:\vs project\XJOI\和谐的骑士\Debug\link.write.1.tlog
F:\vs project\XJOI\和谐的骑士\Debug\link-cvtres.read.1.tlog
F:\vs project\XJOI\和谐的骑士\Debug\link-cvtres.write.1.tlog
F:\vs project\XJOI\和谐的骑士\Debug\mt.command.1.tlog
F:\vs project\XJOI\和谐的骑士\Debug\mt.read.1.tlog
F:\vs project\XJOI\和谐的骑士\Debug\mt.write.1.tlog
F:\vs project\XJOI\和谐的骑士\Debug\rc.command.1.tlog
F:\vs project\XJOI\和谐的骑士\Debug\rc.read.1.tlog
F:\vs project\XJOI\和谐的骑士\Debug\rc.write.1.tlog
F:\vs project\XJOI\和谐的骑士\Debug\vc100.idb
F:\VS PROJECT\XJOI\和谐的骑士\DEBUG\VC100.PDB
F:\VS PROJECT\XJOI\和谐的骑士\DEBUG\和谐的骑士.EXE.EMBED.MANIFEST
F:\VS PROJECT\XJOI\和谐的骑士\DEBUG\和谐的骑士.EXE.EMBED.MANIFEST.RES
F:\VS PROJECT\XJOI\和谐的骑士\DEBUG\和谐的骑士.EXE.INTERMEDIATE.MANIFEST
F:\VS PROJECT\XJOI\和谐的骑士\DEBUG\和谐的骑士.OBJ
F:\vs project\XJOI\和谐的骑士\Debug\和谐的骑士.write.1.tlog
F:\vs project\XJOI\和谐的骑士\Debug\和谐的骑士_manifest.rc
