F:\VS PROJECT\XJOI\DEBUG\外星人密语.EXE
F:\VS PROJECT\XJOI\DEBUG\外星人密语.ILK
F:\VS PROJECT\XJOI\DEBUG\外星人密语.PDB
F:\vs project\XJOI\外星人密语\Debug\cl.command.1.tlog
F:\vs project\XJOI\外星人密语\Debug\CL.read.1.tlog
F:\vs project\XJOI\外星人密语\Debug\CL.write.1.tlog
F:\vs project\XJOI\外星人密语\Debug\link.860.read.1.tlog
F:\vs project\XJOI\外星人密语\Debug\link.860.write.1.tlog
F:\vs project\XJOI\外星人密语\Debug\link.860-cvtres.read.1.tlog
F:\vs project\XJOI\外星人密语\Debug\link.860-cvtres.write.1.tlog
F:\vs project\XJOI\外星人密语\Debug\link.command.1.tlog
F:\vs project\XJOI\外星人密语\Debug\link.read.1.tlog
F:\vs project\XJOI\外星人密语\Debug\link.write.1.tlog
F:\vs project\XJOI\外星人密语\Debug\link-cvtres.read.1.tlog
F:\vs project\XJOI\外星人密语\Debug\link-cvtres.write.1.tlog
F:\vs project\XJOI\外星人密语\Debug\mt.command.1.tlog
F:\vs project\XJOI\外星人密语\Debug\mt.read.1.tlog
F:\vs project\XJOI\外星人密语\Debug\mt.write.1.tlog
F:\vs project\XJOI\外星人密语\Debug\rc.command.1.tlog
F:\vs project\XJOI\外星人密语\Debug\rc.read.1.tlog
F:\vs project\XJOI\外星人密语\Debug\rc.write.1.tlog
F:\vs project\XJOI\外星人密语\Debug\vc100.idb
F:\VS PROJECT\XJOI\外星人密语\DEBUG\VC100.PDB
F:\VS PROJECT\XJOI\外星人密语\DEBUG\外星人密语.EXE.EMBED.MANIFEST
F:\VS PROJECT\XJOI\外星人密语\DEBUG\外星人密语.EXE.EMBED.MANIFEST.RES
F:\VS PROJECT\XJOI\外星人密语\DEBUG\外星人密语.EXE.INTERMEDIATE.MANIFEST
F:\VS PROJECT\XJOI\外星人密语\DEBUG\外星人密语.OBJ
F:\vs project\XJOI\外星人密语\Debug\外星人密语.write.1.tlog
F:\vs project\XJOI\外星人密语\Debug\外星人密语_manifest.rc
