F:\VS PROJECT\VECTOR\DEBUG\VECTOR.EXE
F:\VS PROJECT\VECTOR\DEBUG\VECTOR.ILK
F:\VS PROJECT\VECTOR\DEBUG\VECTOR.PDB
F:\VS PROJECT\VECTOR\VECTOR\DEBUG\01.OBJ
F:\vs project\vector\vector\Debug\cl.command.1.tlog
F:\vs project\vector\vector\Debug\CL.read.1.tlog
F:\vs project\vector\vector\Debug\CL.write.1.tlog
F:\vs project\vector\vector\Debug\link.10120.read.1.tlog
F:\vs project\vector\vector\Debug\link.10120.write.1.tlog
F:\vs project\vector\vector\Debug\link.10120-cvtres.read.1.tlog
F:\vs project\vector\vector\Debug\link.10120-cvtres.write.1.tlog
F:\vs project\vector\vector\Debug\link.9892.read.1.tlog
F:\vs project\vector\vector\Debug\link.9892.write.1.tlog
F:\vs project\vector\vector\Debug\link.9892-cvtres.read.1.tlog
F:\vs project\vector\vector\Debug\link.9892-cvtres.write.1.tlog
F:\vs project\vector\vector\Debug\link.command.1.tlog
F:\vs project\vector\vector\Debug\link.read.1.tlog
F:\vs project\vector\vector\Debug\link.write.1.tlog
F:\vs project\vector\vector\Debug\link-cvtres.read.1.tlog
F:\vs project\vector\vector\Debug\link-cvtres.write.1.tlog
F:\vs project\vector\vector\Debug\mt.command.1.tlog
F:\vs project\vector\vector\Debug\mt.read.1.tlog
F:\vs project\vector\vector\Debug\mt.write.1.tlog
F:\vs project\vector\vector\Debug\rc.command.1.tlog
F:\vs project\vector\vector\Debug\rc.read.1.tlog
F:\vs project\vector\vector\Debug\rc.write.1.tlog
F:\vs project\vector\vector\Debug\vc100.idb
F:\VS PROJECT\VECTOR\VECTOR\DEBUG\VC100.PDB
F:\VS PROJECT\VECTOR\VECTOR\DEBUG\VECTOR.EXE.EMBED.MANIFEST
F:\VS PROJECT\VECTOR\VECTOR\DEBUG\VECTOR.EXE.EMBED.MANIFEST.RES
F:\VS PROJECT\VECTOR\VECTOR\DEBUG\VECTOR.EXE.INTERMEDIATE.MANIFEST
F:\vs project\vector\vector\Debug\vector.vcxprojResolveAssemblyReference.cache
F:\vs project\vector\vector\Debug\vector.write.1.tlog
F:\vs project\vector\vector\Debug\vector_manifest.rc
