F:\VS PROJECT\围棋\DEBUG\围棋.EXE
F:\VS PROJECT\围棋\DEBUG\围棋.ILK
F:\VS PROJECT\围棋\DEBUG\围棋.PDB
F:\vs project\围棋\围棋\Debug\cl.command.1.tlog
F:\vs project\围棋\围棋\Debug\CL.read.1.tlog
F:\vs project\围棋\围棋\Debug\CL.write.1.tlog
F:\vs project\围棋\围棋\Debug\link.10016.read.1.tlog
F:\vs project\围棋\围棋\Debug\link.10016.write.1.tlog
F:\vs project\围棋\围棋\Debug\link.10016-cvtres.read.1.tlog
F:\vs project\围棋\围棋\Debug\link.10016-cvtres.write.1.tlog
F:\vs project\围棋\围棋\Debug\link.8096.read.1.tlog
F:\vs project\围棋\围棋\Debug\link.8096.write.1.tlog
F:\vs project\围棋\围棋\Debug\link.8096-cvtres.read.1.tlog
F:\vs project\围棋\围棋\Debug\link.8096-cvtres.write.1.tlog
F:\vs project\围棋\围棋\Debug\link.command.1.tlog
F:\vs project\围棋\围棋\Debug\link.read.1.tlog
F:\vs project\围棋\围棋\Debug\link.write.1.tlog
F:\vs project\围棋\围棋\Debug\link-cvtres.read.1.tlog
F:\vs project\围棋\围棋\Debug\link-cvtres.write.1.tlog
F:\VS PROJECT\围棋\围棋\DEBUG\MAIN.OBJ
F:\vs project\围棋\围棋\Debug\mt.command.1.tlog
F:\vs project\围棋\围棋\Debug\mt.read.1.tlog
F:\vs project\围棋\围棋\Debug\mt.write.1.tlog
F:\vs project\围棋\围棋\Debug\rc.command.1.tlog
F:\vs project\围棋\围棋\Debug\rc.read.1.tlog
F:\vs project\围棋\围棋\Debug\rc.write.1.tlog
F:\vs project\围棋\围棋\Debug\vc100.idb
F:\VS PROJECT\围棋\围棋\DEBUG\VC100.PDB
F:\VS PROJECT\围棋\围棋\DEBUG\围棋.EXE.EMBED.MANIFEST
F:\VS PROJECT\围棋\围棋\DEBUG\围棋.EXE.EMBED.MANIFEST.RES
F:\VS PROJECT\围棋\围棋\DEBUG\围棋.EXE.INTERMEDIATE.MANIFEST
F:\vs project\围棋\围棋\Debug\围棋.vcxprojResolveAssemblyReference.cache
F:\vs project\围棋\围棋\Debug\围棋.write.1.tlog
F:\vs project\围棋\围棋\Debug\围棋_manifest.rc
