生成启动时间为 2018/11/11 11:56:03。
     1>项目“F:\vs project\USE_TV\USE_TV\USE_TV.vcxproj”在节点 2 上(build 个目标)。
     1>InitializeBuildStatus:
         正在对“Debug\USE_TV.unsuccessfulbuild”执行 Touch 任务。
       ClCompile:
         C:\Program Files (x86)\Microsoft Visual Studio 10.0\VC\bin\CL.exe /c /ZI /nologo /W3 /WX- /Od /Oy- /D WIN32 /D _DEBUG /D _CONSOLE /D _UNICODE /D UNICODE /Gm /EHsc /RTC1 /MDd /GS /fp:precise /Zc:wchar_t /Zc:forScope /Fo"Debug\\" /Fd"Debug\vc100.pdb" /Gd /TP /analyze- /errorReport:prompt tv.cpp use_tv.cpp
         use_tv.cpp
         tv.cpp
         正在生成代码...
       ManifestResourceCompile:
         所有输出均为最新。
       Link:
         C:\Program Files (x86)\Microsoft Visual Studio 10.0\VC\bin\link.exe /ERRORREPORT:PROMPT /OUT:"F:\vs project\USE_TV\Debug\USE_TV.exe" /INCREMENTAL /NOLOGO kernel32.lib user32.lib gdi32.lib winspool.lib comdlg32.lib advapi32.lib shell32.lib ole32.lib oleaut32.lib uuid.lib odbc32.lib odbccp32.lib /MANIFEST /ManifestFile:"Debug\USE_TV.exe.intermediate.manifest" /MANIFESTUAC:"level='asInvoker' uiAccess='false'" /DEBUG /PDB:"F:\vs project\USE_TV\Debug\USE_TV.pdb" /SUBSYSTEM:CONSOLE /TLBID:1 /DYNAMICBASE /NXCOMPAT /IMPLIB:"F:\vs project\USE_TV\Debug\USE_TV.lib" /MACHINE:X86 Debug\USE_TV.exe.embed.manifest.res
         Debug\tv.obj
         Debug\use_tv.obj
       Manifest:
         C:\Program Files (x86)\Microsoft SDKs\Windows\v7.0A\bin\mt.exe /nologo /verbose /out:"Debug\USE_TV.exe.embed.manifest" /manifest Debug\USE_TV.exe.intermediate.manifest
         所有输出均为最新。
       LinkEmbedManifest:
         所有输出均为最新。
         USE_TV.vcxproj -> F:\vs project\USE_TV\Debug\USE_TV.exe
       FinalizeBuildStatus:
         正在删除文件“Debug\USE_TV.unsuccessfulbuild”。
         正在对“Debug\USE_TV.lastbuildstate”执行 Touch 任务。
     1>已完成生成项目“F:\vs project\USE_TV\USE_TV\USE_TV.vcxproj”(build 个目标)的操作。

生成成功。

已用时间 00:00:01.34
