生成启动时间为 2018/9/14 9:03:21。
     1>项目“F:\vs project\usedma\usedma\usedma.vcxproj”在节点 2 上(build 个目标)。
     1>InitializeBuildStatus:
         正在对“Debug\usedma.unsuccessfulbuild”执行 Touch 任务。
       ClCompile:
         所有输出均为最新。
       ManifestResourceCompile:
         所有输出均为最新。
       Link:
         C:\Program Files (x86)\Microsoft Visual Studio 10.0\VC\bin\link.exe /ERRORREPORT:PROMPT /OUT:"F:\vs project\usedma\Debug\usedma.exe" /INCREMENTAL /NOLOGO kernel32.lib user32.lib gdi32.lib winspool.lib comdlg32.lib advapi32.lib shell32.lib ole32.lib oleaut32.lib uuid.lib odbc32.lib odbccp32.lib /MANIFEST /ManifestFile:"Debug\usedma.exe.intermediate.manifest" /MANIFESTUAC:"level='asInvoker' uiAccess='false'" /DEBUG /PDB:"F:\vs project\usedma\Debug\usedma.pdb" /SUBSYSTEM:CONSOLE /TLBID:1 /DYNAMICBASE /NXCOMPAT /IMPLIB:"F:\vs project\usedma\Debug\usedma.lib" /MACHINE:X86 Debug\usedma.exe.embed.manifest.res
         Debug\dma.obj
         Debug\usedma.obj
       Manifest:
         C:\Program Files (x86)\Microsoft SDKs\Windows\v7.0A\bin\mt.exe /nologo /verbose /out:"Debug\usedma.exe.embed.manifest" /manifest Debug\usedma.exe.intermediate.manifest
         C:\Program Files (x86)\Microsoft SDKs\Windows\v7.0A\bin\rc.exe /nologo /fo"Debug\usedma.exe.embed.manifest.res" Debug\usedma_manifest.rc 
       LinkEmbedManifest:
         C:\Program Files (x86)\Microsoft Visual Studio 10.0\VC\bin\link.exe /ERRORREPORT:PROMPT /OUT:"F:\vs project\usedma\Debug\usedma.exe" /INCREMENTAL /NOLOGO kernel32.lib user32.lib gdi32.lib winspool.lib comdlg32.lib advapi32.lib shell32.lib ole32.lib oleaut32.lib uuid.lib odbc32.lib odbccp32.lib /MANIFEST /ManifestFile:"Debug\usedma.exe.intermediate.manifest" /MANIFESTUAC:"level='asInvoker' uiAccess='false'" /DEBUG /PDB:"F:\vs project\usedma\Debug\usedma.pdb" /SUBSYSTEM:CONSOLE /TLBID:1 /DYNAMICBASE /NXCOMPAT /IMPLIB:"F:\vs project\usedma\Debug\usedma.lib" /MACHINE:X86 Debug\usedma.exe.embed.manifest.res
         Debug\dma.obj
         Debug\usedma.obj
         usedma.vcxproj -> F:\vs project\usedma\Debug\usedma.exe
       FinalizeBuildStatus:
         正在删除文件“Debug\usedma.unsuccessfulbuild”。
         正在对“Debug\usedma.lastbuildstate”执行 Touch 任务。
     1>已完成生成项目“F:\vs project\usedma\usedma\usedma.vcxproj”(build 个目标)的操作。

生成成功。

已用时间 00:00:01.11
