F:\VS PROJECT\XJOI\DEBUG\被K整除的个数.EXE
F:\VS PROJECT\XJOI\DEBUG\被K整除的个数.ILK
F:\VS PROJECT\XJOI\DEBUG\被K整除的个数.PDB
F:\vs project\XJOI\被K整除的个数\Debug\cl.command.1.tlog
F:\vs project\XJOI\被K整除的个数\Debug\CL.read.1.tlog
F:\vs project\XJOI\被K整除的个数\Debug\CL.write.1.tlog
F:\vs project\XJOI\被K整除的个数\Debug\link.9496.read.1.tlog
F:\vs project\XJOI\被K整除的个数\Debug\link.9496.write.1.tlog
F:\vs project\XJOI\被K整除的个数\Debug\link.9496-cvtres.read.1.tlog
F:\vs project\XJOI\被K整除的个数\Debug\link.9496-cvtres.write.1.tlog
F:\vs project\XJOI\被K整除的个数\Debug\link.command.1.tlog
F:\vs project\XJOI\被K整除的个数\Debug\link.read.1.tlog
F:\vs project\XJOI\被K整除的个数\Debug\link.write.1.tlog
F:\vs project\XJOI\被K整除的个数\Debug\link-cvtres.read.1.tlog
F:\vs project\XJOI\被K整除的个数\Debug\link-cvtres.write.1.tlog
F:\vs project\XJOI\被K整除的个数\Debug\mt.command.1.tlog
F:\vs project\XJOI\被K整除的个数\Debug\mt.read.1.tlog
F:\vs project\XJOI\被K整除的个数\Debug\mt.write.1.tlog
F:\vs project\XJOI\被K整除的个数\Debug\rc.command.1.tlog
F:\vs project\XJOI\被K整除的个数\Debug\rc.read.1.tlog
F:\vs project\XJOI\被K整除的个数\Debug\rc.write.1.tlog
F:\vs project\XJOI\被K整除的个数\Debug\vc100.idb
F:\VS PROJECT\XJOI\被K整除的个数\DEBUG\VC100.PDB
F:\VS PROJECT\XJOI\被K整除的个数\DEBUG\被K整除的个数.EXE.EMBED.MANIFEST
F:\VS PROJECT\XJOI\被K整除的个数\DEBUG\被K整除的个数.EXE.EMBED.MANIFEST.RES
F:\VS PROJECT\XJOI\被K整除的个数\DEBUG\被K整除的个数.EXE.INTERMEDIATE.MANIFEST
F:\VS PROJECT\XJOI\被K整除的个数\DEBUG\被K整除的个数.OBJ
F:\vs project\XJOI\被K整除的个数\Debug\被K整除的个数.write.1.tlog
F:\vs project\XJOI\被K整除的个数\Debug\被K整除的个数_manifest.rc
