F:\VS PROJECT\XJOI\DEBUG\香蕉船.EXE
F:\VS PROJECT\XJOI\DEBUG\香蕉船.ILK
F:\VS PROJECT\XJOI\DEBUG\香蕉船.PDB
F:\vs project\XJOI\香蕉船\Debug\cl.command.1.tlog
F:\vs project\XJOI\香蕉船\Debug\CL.read.1.tlog
F:\vs project\XJOI\香蕉船\Debug\CL.write.1.tlog
F:\vs project\XJOI\香蕉船\Debug\link.9960.read.1.tlog
F:\vs project\XJOI\香蕉船\Debug\link.9960.write.1.tlog
F:\vs project\XJOI\香蕉船\Debug\link.9960-cvtres.read.1.tlog
F:\vs project\XJOI\香蕉船\Debug\link.9960-cvtres.write.1.tlog
F:\vs project\XJOI\香蕉船\Debug\link.command.1.tlog
F:\vs project\XJOI\香蕉船\Debug\link.read.1.tlog
F:\vs project\XJOI\香蕉船\Debug\link.write.1.tlog
F:\vs project\XJOI\香蕉船\Debug\link-cvtres.read.1.tlog
F:\vs project\XJOI\香蕉船\Debug\link-cvtres.write.1.tlog
F:\vs project\XJOI\香蕉船\Debug\mt.command.1.tlog
F:\vs project\XJOI\香蕉船\Debug\mt.read.1.tlog
F:\vs project\XJOI\香蕉船\Debug\mt.write.1.tlog
F:\vs project\XJOI\香蕉船\Debug\rc.command.1.tlog
F:\vs project\XJOI\香蕉船\Debug\rc.read.1.tlog
F:\vs project\XJOI\香蕉船\Debug\rc.write.1.tlog
F:\vs project\XJOI\香蕉船\Debug\vc100.idb
F:\VS PROJECT\XJOI\香蕉船\DEBUG\VC100.PDB
F:\VS PROJECT\XJOI\香蕉船\DEBUG\香蕉船.EXE.EMBED.MANIFEST
F:\VS PROJECT\XJOI\香蕉船\DEBUG\香蕉船.EXE.EMBED.MANIFEST.RES
F:\VS PROJECT\XJOI\香蕉船\DEBUG\香蕉船.EXE.INTERMEDIATE.MANIFEST
F:\VS PROJECT\XJOI\香蕉船\DEBUG\香蕉船.OBJ
F:\vs project\XJOI\香蕉船\Debug\香蕉船.write.1.tlog
F:\vs project\XJOI\香蕉船\Debug\香蕉船_manifest.rc
