e:\desktop file\c++ daily-practice\vs project\贪吃蛇\贪吃蛇\debug\vc141.pdb
e:\desktop file\c++ daily-practice\vs project\贪吃蛇\贪吃蛇\debug\vc141.idb
e:\desktop file\c++ daily-practice\vs project\贪吃蛇\贪吃蛇\debug\贪吃蛇.obj
e:\desktop file\c++ daily-practice\vs project\贪吃蛇\贪吃蛇\debug\snake.obj
e:\desktop file\c++ daily-practice\vs project\贪吃蛇\贪吃蛇\debug\chessboard.obj
e:\desktop file\c++ daily-practice\vs project\贪吃蛇\debug\贪吃蛇.pdb
e:\desktop file\c++ daily-practice\vs project\贪吃蛇\贪吃蛇\debug\贪吃蛇.tlog\cl.command.1.tlog
e:\desktop file\c++ daily-practice\vs project\贪吃蛇\贪吃蛇\debug\贪吃蛇.tlog\cl.read.1.tlog
e:\desktop file\c++ daily-practice\vs project\贪吃蛇\贪吃蛇\debug\贪吃蛇.tlog\cl.write.1.tlog
e:\desktop file\c++ daily-practice\vs project\贪吃蛇\贪吃蛇\debug\贪吃蛇.tlog\link-cvtres.read.1.tlog
e:\desktop file\c++ daily-practice\vs project\贪吃蛇\贪吃蛇\debug\贪吃蛇.tlog\link-cvtres.write.1.tlog
e:\desktop file\c++ daily-practice\vs project\贪吃蛇\贪吃蛇\debug\贪吃蛇.tlog\link-rc.read.1.tlog
e:\desktop file\c++ daily-practice\vs project\贪吃蛇\贪吃蛇\debug\贪吃蛇.tlog\link-rc.write.1.tlog
e:\desktop file\c++ daily-practice\vs project\贪吃蛇\贪吃蛇\debug\贪吃蛇.tlog\link.11012-cvtres.read.1.tlog
e:\desktop file\c++ daily-practice\vs project\贪吃蛇\贪吃蛇\debug\贪吃蛇.tlog\link.11012-cvtres.write.1.tlog
e:\desktop file\c++ daily-practice\vs project\贪吃蛇\贪吃蛇\debug\贪吃蛇.tlog\link.11012-rc.read.1.tlog
e:\desktop file\c++ daily-practice\vs project\贪吃蛇\贪吃蛇\debug\贪吃蛇.tlog\link.11012-rc.write.1.tlog
e:\desktop file\c++ daily-practice\vs project\贪吃蛇\贪吃蛇\debug\贪吃蛇.tlog\link.11012.read.1.tlog
e:\desktop file\c++ daily-practice\vs project\贪吃蛇\贪吃蛇\debug\贪吃蛇.tlog\link.11012.write.1.tlog
e:\desktop file\c++ daily-practice\vs project\贪吃蛇\贪吃蛇\debug\贪吃蛇.tlog\link.command.1.tlog
e:\desktop file\c++ daily-practice\vs project\贪吃蛇\贪吃蛇\debug\贪吃蛇.tlog\link.read.1.tlog
e:\desktop file\c++ daily-practice\vs project\贪吃蛇\贪吃蛇\debug\贪吃蛇.tlog\link.write.1.tlog
