生成启动时间为 2019/1/29 9:48:57。
     1>项目“F:\vs project\XJOI\最小用户名\最小用户名.vcxproj”在节点 5 上(rebuild 个目标)。
     1>_PrepareForClean:
         正在删除文件“Debug\最小用户名.lastbuildstate”。
       InitializeBuildStatus:
         正在创建“Debug\最小用户名.unsuccessfulbuild”，因为已指定“AlwaysCreate”。
       ClCompile:
         C:\Program Files (x86)\Microsoft Visual Studio 10.0\VC\bin\CL.exe /c /ZI /nologo /W3 /WX- /Od /Oy- /D WIN32 /D _DEBUG /D _CONSOLE /D _UNICODE /D UNICODE /Gm /EHsc /RTC1 /MDd /GS /fp:precise /Zc:wchar_t /Zc:forScope /Fo"Debug\\" /Fd"Debug\vc100.pdb" /Gd /TP /analyze- /errorReport:prompt "最小用户名.cpp"
         最小用户名.cpp
     1>f:\vs project\xjoi\最小用户名\最小用户名.cpp(12): warning C4018: “<”: 有符号/无符号不匹配
       ManifestResourceCompile:
         C:\Program Files (x86)\Microsoft SDKs\Windows\v7.0A\bin\rc.exe /nologo /fo"Debug\最小用户名.exe.embed.manifest.res" "Debug\最小用户名_manifest.rc" 
       Link:
         C:\Program Files (x86)\Microsoft Visual Studio 10.0\VC\bin\link.exe /ERRORREPORT:PROMPT /OUT:"F:\vs project\XJOI\Debug\最小用户名.exe" /INCREMENTAL /NOLOGO kernel32.lib user32.lib gdi32.lib winspool.lib comdlg32.lib advapi32.lib shell32.lib ole32.lib oleaut32.lib uuid.lib odbc32.lib odbccp32.lib /MANIFEST /ManifestFile:"Debug\最小用户名.exe.intermediate.manifest" /MANIFESTUAC:"level='asInvoker' uiAccess='false'" /DEBUG /PDB:"F:\vs project\XJOI\Debug\最小用户名.pdb" /SUBSYSTEM:CONSOLE /TLBID:1 /DYNAMICBASE /NXCOMPAT /IMPLIB:"F:\vs project\XJOI\Debug\最小用户名.lib" /MACHINE:X86 "Debug\最小用户名.exe.embed.manifest.res"
         "Debug\最小用户名.obj"
       Manifest:
         正在删除文件“Debug\最小用户名.exe.embed.manifest”。
         C:\Program Files (x86)\Microsoft SDKs\Windows\v7.0A\bin\mt.exe /nologo /verbose /out:"Debug\最小用户名.exe.embed.manifest" /manifest "Debug\最小用户名.exe.intermediate.manifest"
         C:\Program Files (x86)\Microsoft SDKs\Windows\v7.0A\bin\rc.exe /nologo /fo"Debug\最小用户名.exe.embed.manifest.res" "Debug\最小用户名_manifest.rc" 
       LinkEmbedManifest:
         C:\Program Files (x86)\Microsoft Visual Studio 10.0\VC\bin\link.exe /ERRORREPORT:PROMPT /OUT:"F:\vs project\XJOI\Debug\最小用户名.exe" /INCREMENTAL /NOLOGO kernel32.lib user32.lib gdi32.lib winspool.lib comdlg32.lib advapi32.lib shell32.lib ole32.lib oleaut32.lib uuid.lib odbc32.lib odbccp32.lib /MANIFEST /ManifestFile:"Debug\最小用户名.exe.intermediate.manifest" /MANIFESTUAC:"level='asInvoker' uiAccess='false'" /DEBUG /PDB:"F:\vs project\XJOI\Debug\最小用户名.pdb" /SUBSYSTEM:CONSOLE /TLBID:1 /DYNAMICBASE /NXCOMPAT /IMPLIB:"F:\vs project\XJOI\Debug\最小用户名.lib" /MACHINE:X86 "Debug\最小用户名.exe.embed.manifest.res"
         "Debug\最小用户名.obj"
         最小用户名.vcxproj -> F:\vs project\XJOI\Debug\最小用户名.exe
       FinalizeBuildStatus:
         正在删除文件“Debug\最小用户名.unsuccessfulbuild”。
         正在对“Debug\最小用户名.lastbuildstate”执行 Touch 任务。
     1>已完成生成项目“F:\vs project\XJOI\最小用户名\最小用户名.vcxproj”(rebuild 个目标)的操作。

生成成功。

已用时间 00:00:01.67
