F:\VS PROJECT\XJOI\DEBUG\最小用户名.EXE
F:\VS PROJECT\XJOI\DEBUG\最小用户名.ILK
F:\VS PROJECT\XJOI\DEBUG\最小用户名.PDB
F:\vs project\XJOI\最小用户名\Debug\cl.command.1.tlog
F:\vs project\XJOI\最小用户名\Debug\CL.read.1.tlog
F:\vs project\XJOI\最小用户名\Debug\CL.write.1.tlog
F:\vs project\XJOI\最小用户名\Debug\link.9428.read.1.tlog
F:\vs project\XJOI\最小用户名\Debug\link.9428.write.1.tlog
F:\vs project\XJOI\最小用户名\Debug\link.9428-cvtres.read.1.tlog
F:\vs project\XJOI\最小用户名\Debug\link.9428-cvtres.write.1.tlog
F:\vs project\XJOI\最小用户名\Debug\link.command.1.tlog
F:\vs project\XJOI\最小用户名\Debug\link.read.1.tlog
F:\vs project\XJOI\最小用户名\Debug\link.write.1.tlog
F:\vs project\XJOI\最小用户名\Debug\link-cvtres.read.1.tlog
F:\vs project\XJOI\最小用户名\Debug\link-cvtres.write.1.tlog
F:\vs project\XJOI\最小用户名\Debug\mt.command.1.tlog
F:\vs project\XJOI\最小用户名\Debug\mt.read.1.tlog
F:\vs project\XJOI\最小用户名\Debug\mt.write.1.tlog
F:\vs project\XJOI\最小用户名\Debug\rc.command.1.tlog
F:\vs project\XJOI\最小用户名\Debug\rc.read.1.tlog
F:\vs project\XJOI\最小用户名\Debug\rc.write.1.tlog
F:\vs project\XJOI\最小用户名\Debug\vc100.idb
F:\VS PROJECT\XJOI\最小用户名\DEBUG\VC100.PDB
F:\VS PROJECT\XJOI\最小用户名\DEBUG\最小用户名.EXE.EMBED.MANIFEST
F:\VS PROJECT\XJOI\最小用户名\DEBUG\最小用户名.EXE.EMBED.MANIFEST.RES
F:\VS PROJECT\XJOI\最小用户名\DEBUG\最小用户名.EXE.INTERMEDIATE.MANIFEST
F:\VS PROJECT\XJOI\最小用户名\DEBUG\最小用户名.OBJ
F:\vs project\XJOI\最小用户名\Debug\最小用户名.write.1.tlog
F:\vs project\XJOI\最小用户名\Debug\最小用户名_manifest.rc
