F:\VS PROJECT\人脸识别\DEBUG\人脸识别.EXE
F:\VS PROJECT\人脸识别\DEBUG\人脸识别.ILK
F:\VS PROJECT\人脸识别\DEBUG\人脸识别.PDB
F:\VS PROJECT\人脸识别\人脸识别\DEBUG\MAIN.OBJ
F:\VS PROJECT\人脸识别\人脸识别\DEBUG\VC100.PDB
F:\VS PROJECT\人脸识别\人脸识别\DEBUG\人脸识别.EXE.EMBED.MANIFEST
F:\VS PROJECT\人脸识别\人脸识别\DEBUG\人脸识别.EXE.EMBED.MANIFEST.RES
F:\VS PROJECT\人脸识别\人脸识别\DEBUG\人脸识别.EXE.INTERMEDIATE.MANIFEST
F:\vs project\围棋0\人脸识别\Debug\cl.command.1.tlog
F:\vs project\围棋0\人脸识别\Debug\CL.read.1.tlog
F:\vs project\围棋0\人脸识别\Debug\CL.write.1.tlog
F:\vs project\围棋0\人脸识别\Debug\link.10196.read.1.tlog
F:\vs project\围棋0\人脸识别\Debug\link.10196.write.1.tlog
F:\vs project\围棋0\人脸识别\Debug\link.10196-cvtres.read.1.tlog
F:\vs project\围棋0\人脸识别\Debug\link.10196-cvtres.write.1.tlog
F:\vs project\围棋0\人脸识别\Debug\link.6488.read.1.tlog
F:\vs project\围棋0\人脸识别\Debug\link.6488.write.1.tlog
F:\vs project\围棋0\人脸识别\Debug\link.6488-cvtres.read.1.tlog
F:\vs project\围棋0\人脸识别\Debug\link.6488-cvtres.write.1.tlog
F:\vs project\围棋0\人脸识别\Debug\link.command.1.tlog
F:\vs project\围棋0\人脸识别\Debug\link.read.1.tlog
F:\vs project\围棋0\人脸识别\Debug\link.write.1.tlog
F:\vs project\围棋0\人脸识别\Debug\link-cvtres.read.1.tlog
F:\vs project\围棋0\人脸识别\Debug\link-cvtres.write.1.tlog
F:\vs project\围棋0\人脸识别\Debug\main.obj
F:\vs project\围棋0\人脸识别\Debug\mt.command.1.tlog
F:\vs project\围棋0\人脸识别\Debug\mt.read.1.tlog
F:\vs project\围棋0\人脸识别\Debug\mt.write.1.tlog
F:\vs project\围棋0\人脸识别\Debug\rc.command.1.tlog
F:\vs project\围棋0\人脸识别\Debug\rc.read.1.tlog
F:\vs project\围棋0\人脸识别\Debug\rc.write.1.tlog
F:\vs project\围棋0\人脸识别\Debug\vc100.idb
F:\vs project\围棋0\人脸识别\Debug\vc100.pdb
F:\vs project\围棋0\人脸识别\Debug\人脸识别.exe.embed.manifest
F:\vs project\围棋0\人脸识别\Debug\人脸识别.exe.embed.manifest.res
F:\vs project\围棋0\人脸识别\Debug\人脸识别.exe.intermediate.manifest
F:\vs project\围棋0\人脸识别\Debug\人脸识别.write.1.tlog
F:\vs project\围棋0\人脸识别\Debug\人脸识别_manifest.rc
