F:\vs project\函数对象\Debug\函数对象.pdb
F:\vs project\函数对象\函数对象\Debug\cl.command.1.tlog
F:\vs project\函数对象\函数对象\Debug\CL.read.1.tlog
F:\vs project\函数对象\函数对象\Debug\CL.write.1.tlog
F:\vs project\函数对象\函数对象\Debug\link.1812.read.1.tlog
F:\vs project\函数对象\函数对象\Debug\link.1812.write.1.tlog
F:\vs project\函数对象\函数对象\Debug\link.1812-cvtres.read.1.tlog
F:\vs project\函数对象\函数对象\Debug\link.1812-cvtres.write.1.tlog
F:\vs project\函数对象\函数对象\Debug\link.2092.read.1.tlog
F:\vs project\函数对象\函数对象\Debug\link.2092.write.1.tlog
F:\vs project\函数对象\函数对象\Debug\link.2092-cvtres.read.1.tlog
F:\vs project\函数对象\函数对象\Debug\link.2092-cvtres.write.1.tlog
F:\vs project\函数对象\函数对象\Debug\link.7556.read.1.tlog
F:\vs project\函数对象\函数对象\Debug\link.7556.write.1.tlog
F:\vs project\函数对象\函数对象\Debug\link.command.1.tlog
F:\vs project\函数对象\函数对象\Debug\link.read.1.tlog
F:\vs project\函数对象\函数对象\Debug\link.write.1.tlog
F:\vs project\函数对象\函数对象\Debug\link-cvtres.read.1.tlog
F:\vs project\函数对象\函数对象\Debug\link-cvtres.write.1.tlog
F:\VS PROJECT\函数对象\函数对象\DEBUG\MAIN.OBJ
F:\vs project\函数对象\函数对象\Debug\mt.command.1.tlog
F:\vs project\函数对象\函数对象\Debug\mt.read.1.tlog
F:\vs project\函数对象\函数对象\Debug\mt.write.1.tlog
F:\vs project\函数对象\函数对象\Debug\rc.command.1.tlog
F:\vs project\函数对象\函数对象\Debug\rc.read.1.tlog
F:\vs project\函数对象\函数对象\Debug\rc.write.1.tlog
F:\vs project\函数对象\函数对象\Debug\vc100.idb
F:\VS PROJECT\函数对象\函数对象\DEBUG\VC100.PDB
F:\VS PROJECT\函数对象\函数对象\DEBUG\函数对象.EXE.EMBED.MANIFEST
F:\VS PROJECT\函数对象\函数对象\DEBUG\函数对象.EXE.EMBED.MANIFEST.RES
F:\vs project\函数对象\函数对象\Debug\函数对象.exe.intermediate.manifest
F:\vs project\函数对象\函数对象\Debug\函数对象.vcxprojResolveAssemblyReference.cache
F:\vs project\函数对象\函数对象\Debug\函数对象.write.1.tlog
F:\vs project\函数对象\函数对象\Debug\函数对象_manifest.rc
