F:\VS PROJECT\XJOI\DEBUG\学生信息系统.EXE
F:\VS PROJECT\XJOI\DEBUG\学生信息系统.ILK
F:\VS PROJECT\XJOI\DEBUG\学生信息系统.PDB
F:\vs project\XJOI\学生信息系统\Debug\cl.command.1.tlog
F:\vs project\XJOI\学生信息系统\Debug\CL.read.1.tlog
F:\vs project\XJOI\学生信息系统\Debug\CL.write.1.tlog
F:\vs project\XJOI\学生信息系统\Debug\link.3848.read.1.tlog
F:\vs project\XJOI\学生信息系统\Debug\link.3848.write.1.tlog
F:\vs project\XJOI\学生信息系统\Debug\link.3848-cvtres.read.1.tlog
F:\vs project\XJOI\学生信息系统\Debug\link.3848-cvtres.write.1.tlog
F:\vs project\XJOI\学生信息系统\Debug\link.7864.read.1.tlog
F:\vs project\XJOI\学生信息系统\Debug\link.7864.write.1.tlog
F:\vs project\XJOI\学生信息系统\Debug\link.7864-cvtres.read.1.tlog
F:\vs project\XJOI\学生信息系统\Debug\link.7864-cvtres.write.1.tlog
F:\vs project\XJOI\学生信息系统\Debug\link.7948.read.1.tlog
F:\vs project\XJOI\学生信息系统\Debug\link.7948.write.1.tlog
F:\vs project\XJOI\学生信息系统\Debug\link.7948-cvtres.read.1.tlog
F:\vs project\XJOI\学生信息系统\Debug\link.7948-cvtres.write.1.tlog
F:\vs project\XJOI\学生信息系统\Debug\link.command.1.tlog
F:\vs project\XJOI\学生信息系统\Debug\link.read.1.tlog
F:\vs project\XJOI\学生信息系统\Debug\link.write.1.tlog
F:\vs project\XJOI\学生信息系统\Debug\link-cvtres.read.1.tlog
F:\vs project\XJOI\学生信息系统\Debug\link-cvtres.write.1.tlog
F:\vs project\XJOI\学生信息系统\Debug\mt.command.1.tlog
F:\vs project\XJOI\学生信息系统\Debug\mt.read.1.tlog
F:\vs project\XJOI\学生信息系统\Debug\mt.write.1.tlog
F:\vs project\XJOI\学生信息系统\Debug\rc.command.1.tlog
F:\vs project\XJOI\学生信息系统\Debug\rc.read.1.tlog
F:\vs project\XJOI\学生信息系统\Debug\rc.write.1.tlog
F:\VS PROJECT\XJOI\学生信息系统\DEBUG\STU.OBJ
F:\vs project\XJOI\学生信息系统\Debug\vc100.idb
F:\VS PROJECT\XJOI\学生信息系统\DEBUG\VC100.PDB
F:\VS PROJECT\XJOI\学生信息系统\DEBUG\学生信息系统.EXE.EMBED.MANIFEST
F:\VS PROJECT\XJOI\学生信息系统\DEBUG\学生信息系统.EXE.EMBED.MANIFEST.RES
F:\VS PROJECT\XJOI\学生信息系统\DEBUG\学生信息系统.EXE.INTERMEDIATE.MANIFEST
F:\VS PROJECT\XJOI\学生信息系统\DEBUG\学生信息系统.OBJ
F:\vs project\XJOI\学生信息系统\Debug\学生信息系统.vcxprojResolveAssemblyReference.cache
F:\vs project\XJOI\学生信息系统\Debug\学生信息系统.write.1.tlog
F:\vs project\XJOI\学生信息系统\Debug\学生信息系统_manifest.rc
