生成启动时间为 2018/9/18 15:36:44。
     1>项目“F:\vs project\use_stui\use_stui\use_stui.vcxproj”在节点 2 上(build 个目标)。
     1>PrepareForBuild:
         正在创建目录“F:\vs project\use_stui\Debug\”。
       InitializeBuildStatus:
         正在创建“Debug\use_stui.unsuccessfulbuild”，因为已指定“AlwaysCreate”。
       ClCompile:
         C:\Program Files (x86)\Microsoft Visual Studio 10.0\VC\bin\CL.exe /c /ZI /nologo /W3 /WX- /Od /Oy- /D WIN32 /D _DEBUG /D _CONSOLE /D _UNICODE /D UNICODE /Gm /EHsc /RTC1 /MDd /GS /fp:precise /Zc:wchar_t /Zc:forScope /Fo"Debug\\" /Fd"Debug\vc100.pdb" /Gd /TP /analyze- /errorReport:prompt student.cpp use_stui.cpp
         use_stui.cpp
         student.cpp
         正在生成代码...
       ManifestResourceCompile:
         C:\Program Files (x86)\Microsoft SDKs\Windows\v7.0A\bin\rc.exe /nologo /fo"Debug\use_stui.exe.embed.manifest.res" Debug\use_stui_manifest.rc 
       Link:
         C:\Program Files (x86)\Microsoft Visual Studio 10.0\VC\bin\link.exe /ERRORREPORT:PROMPT /OUT:"F:\vs project\use_stui\Debug\use_stui.exe" /INCREMENTAL /NOLOGO kernel32.lib user32.lib gdi32.lib winspool.lib comdlg32.lib advapi32.lib shell32.lib ole32.lib oleaut32.lib uuid.lib odbc32.lib odbccp32.lib /MANIFEST /ManifestFile:"Debug\use_stui.exe.intermediate.manifest" /MANIFESTUAC:"level='asInvoker' uiAccess='false'" /DEBUG /PDB:"F:\vs project\use_stui\Debug\use_stui.pdb" /SUBSYSTEM:CONSOLE /TLBID:1 /DYNAMICBASE /NXCOMPAT /IMPLIB:"F:\vs project\use_stui\Debug\use_stui.lib" /MACHINE:X86 Debug\use_stui.exe.embed.manifest.res
         Debug\student.obj
         Debug\use_stui.obj
       Manifest:
         C:\Program Files (x86)\Microsoft SDKs\Windows\v7.0A\bin\mt.exe /nologo /verbose /out:"Debug\use_stui.exe.embed.manifest" /manifest Debug\use_stui.exe.intermediate.manifest
         C:\Program Files (x86)\Microsoft SDKs\Windows\v7.0A\bin\rc.exe /nologo /fo"Debug\use_stui.exe.embed.manifest.res" Debug\use_stui_manifest.rc 
       LinkEmbedManifest:
         C:\Program Files (x86)\Microsoft Visual Studio 10.0\VC\bin\link.exe /ERRORREPORT:PROMPT /OUT:"F:\vs project\use_stui\Debug\use_stui.exe" /INCREMENTAL /NOLOGO kernel32.lib user32.lib gdi32.lib winspool.lib comdlg32.lib advapi32.lib shell32.lib ole32.lib oleaut32.lib uuid.lib odbc32.lib odbccp32.lib /MANIFEST /ManifestFile:"Debug\use_stui.exe.intermediate.manifest" /MANIFESTUAC:"level='asInvoker' uiAccess='false'" /DEBUG /PDB:"F:\vs project\use_stui\Debug\use_stui.pdb" /SUBSYSTEM:CONSOLE /TLBID:1 /DYNAMICBASE /NXCOMPAT /IMPLIB:"F:\vs project\use_stui\Debug\use_stui.lib" /MACHINE:X86 Debug\use_stui.exe.embed.manifest.res
         Debug\student.obj
         Debug\use_stui.obj
         use_stui.vcxproj -> F:\vs project\use_stui\Debug\use_stui.exe
       FinalizeBuildStatus:
         正在删除文件“Debug\use_stui.unsuccessfulbuild”。
         正在对“Debug\use_stui.lastbuildstate”执行 Touch 任务。
     1>已完成生成项目“F:\vs project\use_stui\use_stui\use_stui.vcxproj”(build 个目标)的操作。

生成成功。

已用时间 00:00:02.07
