生成启动时间为 2018/10/25 11:02:01。
     1>项目“F:\vs project\twoswap\twoswap\twoswap.vcxproj”在节点 2 上(build 个目标)。
     1>InitializeBuildStatus:
         正在创建“Debug\twoswap.unsuccessfulbuild”，因为已指定“AlwaysCreate”。
       ClCompile:
         C:\Program Files (x86)\Microsoft Visual Studio 10.0\VC\bin\CL.exe /c /ZI /nologo /W3 /WX- /Od /Oy- /D WIN32 /D _DEBUG /D _CONSOLE /D _UNICODE /D UNICODE /Gm /EHsc /RTC1 /MDd /GS /fp:precise /Zc:wchar_t /Zc:forScope /Fo"Debug\\" /Fd"Debug\vc100.pdb" /Gd /TP /analyze- /errorReport:prompt twoswaps.cpp
         twoswaps.cpp
     1>f:\vs project\twoswap\twoswap\twoswaps.cpp(18): warning C4667: “void Swap(const char &,const char &)”: 未定义与强制实例化匹配的函数模板
       ManifestResourceCompile:
         所有输出均为最新。
       Link:
         C:\Program Files (x86)\Microsoft Visual Studio 10.0\VC\bin\link.exe /ERRORREPORT:PROMPT /OUT:"F:\vs project\twoswap\Debug\twoswap.exe" /INCREMENTAL /NOLOGO kernel32.lib user32.lib gdi32.lib winspool.lib comdlg32.lib advapi32.lib shell32.lib ole32.lib oleaut32.lib uuid.lib odbc32.lib odbccp32.lib /MANIFEST /ManifestFile:"Debug\twoswap.exe.intermediate.manifest" /MANIFESTUAC:"level='asInvoker' uiAccess='false'" /DEBUG /PDB:"F:\vs project\twoswap\Debug\twoswap.pdb" /SUBSYSTEM:CONSOLE /TLBID:1 /DYNAMICBASE /NXCOMPAT /IMPLIB:"F:\vs project\twoswap\Debug\twoswap.lib" /MACHINE:X86 Debug\twoswap.exe.embed.manifest.res
         Debug\twoswaps.obj
       Manifest:
         C:\Program Files (x86)\Microsoft SDKs\Windows\v7.0A\bin\mt.exe /nologo /verbose /out:"Debug\twoswap.exe.embed.manifest" /manifest Debug\twoswap.exe.intermediate.manifest
         所有输出均为最新。
       LinkEmbedManifest:
         所有输出均为最新。
         twoswap.vcxproj -> F:\vs project\twoswap\Debug\twoswap.exe
       FinalizeBuildStatus:
         正在删除文件“Debug\twoswap.unsuccessfulbuild”。
         正在对“Debug\twoswap.lastbuildstate”执行 Touch 任务。
     1>已完成生成项目“F:\vs project\twoswap\twoswap\twoswap.vcxproj”(build 个目标)的操作。

生成成功。

已用时间 00:00:00.95
