生成启动时间为 2018/8/21 15:49:57。
     1>项目“F:\vs project\textscore\textscore\textscore.vcxproj”在节点 2 上(build 个目标)。
     1>InitializeBuildStatus:
         正在创建“Debug\textscore.unsuccessfulbuild”，因为已指定“AlwaysCreate”。
       ClCompile:
         C:\Program Files (x86)\Microsoft Visual Studio 10.0\VC\bin\CL.exe /c /ZI /nologo /W3 /WX- /Od /Oy- /D WIN32 /D _DEBUG /D _CONSOLE /D _UNICODE /D UNICODE /Gm /EHsc /RTC1 /MDd /GS /fp:precise /Zc:wchar_t /Zc:forScope /Fo"Debug\\" /Fd"Debug\vc100.pdb" /Gd /TP /analyze- /errorReport:prompt textscore.cpp
         textscore.cpp
     1>f:\vs project\textscore\textscore\textscore.cpp(12): warning C4700: 使用了未初始化的局部变量“c”
       ManifestResourceCompile:
         所有输出均为最新。
       Link:
         C:\Program Files (x86)\Microsoft Visual Studio 10.0\VC\bin\link.exe /ERRORREPORT:PROMPT /OUT:"F:\vs project\textscore\Debug\textscore.exe" /INCREMENTAL /NOLOGO kernel32.lib user32.lib gdi32.lib winspool.lib comdlg32.lib advapi32.lib shell32.lib ole32.lib oleaut32.lib uuid.lib odbc32.lib odbccp32.lib /MANIFEST /ManifestFile:"Debug\textscore.exe.intermediate.manifest" /MANIFESTUAC:"level='asInvoker' uiAccess='false'" /DEBUG /PDB:"F:\vs project\textscore\Debug\textscore.pdb" /SUBSYSTEM:CONSOLE /TLBID:1 /DYNAMICBASE /NXCOMPAT /IMPLIB:"F:\vs project\textscore\Debug\textscore.lib" /MACHINE:X86 Debug\textscore.exe.embed.manifest.res
         Debug\textscore.obj
       Manifest:
         C:\Program Files (x86)\Microsoft SDKs\Windows\v7.0A\bin\mt.exe /nologo /verbose /out:"Debug\textscore.exe.embed.manifest" /manifest Debug\textscore.exe.intermediate.manifest
         所有输出均为最新。
       LinkEmbedManifest:
         所有输出均为最新。
         textscore.vcxproj -> F:\vs project\textscore\Debug\textscore.exe
       FinalizeBuildStatus:
         正在删除文件“Debug\textscore.unsuccessfulbuild”。
         正在对“Debug\textscore.lastbuildstate”执行 Touch 任务。
     1>已完成生成项目“F:\vs project\textscore\textscore\textscore.vcxproj”(build 个目标)的操作。

生成成功。

已用时间 00:00:00.67
