F:\VS PROJECT\XJOI\DEBUG\互相攻击的大炮.EXE
F:\VS PROJECT\XJOI\DEBUG\互相攻击的大炮.ILK
F:\VS PROJECT\XJOI\DEBUG\互相攻击的大炮.PDB
F:\vs project\XJOI\互相攻击的大炮\Debug\cl.command.1.tlog
F:\vs project\XJOI\互相攻击的大炮\Debug\CL.read.1.tlog
F:\vs project\XJOI\互相攻击的大炮\Debug\CL.write.1.tlog
F:\vs project\XJOI\互相攻击的大炮\Debug\link.9916.read.1.tlog
F:\vs project\XJOI\互相攻击的大炮\Debug\link.9916.write.1.tlog
F:\vs project\XJOI\互相攻击的大炮\Debug\link.9916-cvtres.read.1.tlog
F:\vs project\XJOI\互相攻击的大炮\Debug\link.9916-cvtres.write.1.tlog
F:\vs project\XJOI\互相攻击的大炮\Debug\link.command.1.tlog
F:\vs project\XJOI\互相攻击的大炮\Debug\link.read.1.tlog
F:\vs project\XJOI\互相攻击的大炮\Debug\link.write.1.tlog
F:\vs project\XJOI\互相攻击的大炮\Debug\link-cvtres.read.1.tlog
F:\vs project\XJOI\互相攻击的大炮\Debug\link-cvtres.write.1.tlog
F:\vs project\XJOI\互相攻击的大炮\Debug\mt.command.1.tlog
F:\vs project\XJOI\互相攻击的大炮\Debug\mt.read.1.tlog
F:\vs project\XJOI\互相攻击的大炮\Debug\mt.write.1.tlog
F:\vs project\XJOI\互相攻击的大炮\Debug\rc.command.1.tlog
F:\vs project\XJOI\互相攻击的大炮\Debug\rc.read.1.tlog
F:\vs project\XJOI\互相攻击的大炮\Debug\rc.write.1.tlog
F:\vs project\XJOI\互相攻击的大炮\Debug\vc100.idb
F:\VS PROJECT\XJOI\互相攻击的大炮\DEBUG\VC100.PDB
F:\VS PROJECT\XJOI\互相攻击的大炮\DEBUG\互相攻击的大炮.EXE.EMBED.MANIFEST
F:\VS PROJECT\XJOI\互相攻击的大炮\DEBUG\互相攻击的大炮.EXE.EMBED.MANIFEST.RES
F:\VS PROJECT\XJOI\互相攻击的大炮\DEBUG\互相攻击的大炮.EXE.INTERMEDIATE.MANIFEST
F:\VS PROJECT\XJOI\互相攻击的大炮\DEBUG\互相攻击的大炮.OBJ
F:\vs project\XJOI\互相攻击的大炮\Debug\互相攻击的大炮.write.1.tlog
F:\vs project\XJOI\互相攻击的大炮\Debug\互相攻击的大炮_manifest.rc
