生成启动时间为 2018/9/19 16:50:23。
     1>项目“F:\vs project\数组类模板\数组类模板\数组类模板.vcxproj”在节点 2 上(build 个目标)。
     1>InitializeBuildStatus:
         正在对“Debug\数组类模板.unsuccessfulbuild”执行 Touch 任务。
       ClCompile:
         C:\Program Files (x86)\Microsoft Visual Studio 10.0\VC\bin\CL.exe /c /ZI /nologo /W3 /WX- /Od /Oy- /D WIN32 /D _DEBUG /D _CONSOLE /D _UNICODE /D UNICODE /Gm /EHsc /RTC1 /MDd /GS /fp:precise /Zc:wchar_t /Zc:forScope /Fo"Debug\\" /Fd"Debug\vc100.pdb" /Gd /TP /analyze- /errorReport:prompt main.cpp
         main.cpp
       ManifestResourceCompile:
         所有输出均为最新。
       Link:
         C:\Program Files (x86)\Microsoft Visual Studio 10.0\VC\bin\link.exe /ERRORREPORT:PROMPT /OUT:"F:\vs project\数组类模板\Debug\数组类模板.exe" /INCREMENTAL /NOLOGO kernel32.lib user32.lib gdi32.lib winspool.lib comdlg32.lib advapi32.lib shell32.lib ole32.lib oleaut32.lib uuid.lib odbc32.lib odbccp32.lib /MANIFEST /ManifestFile:"Debug\数组类模板.exe.intermediate.manifest" /MANIFESTUAC:"level='asInvoker' uiAccess='false'" /DEBUG /PDB:"F:\vs project\数组类模板\Debug\数组类模板.pdb" /SUBSYSTEM:CONSOLE /TLBID:1 /DYNAMICBASE /NXCOMPAT /IMPLIB:"F:\vs project\数组类模板\Debug\数组类模板.lib" /MACHINE:X86 "Debug\数组类模板.exe.embed.manifest.res"
         Debug\array.obj
         Debug\main.obj
       Manifest:
         C:\Program Files (x86)\Microsoft SDKs\Windows\v7.0A\bin\mt.exe /nologo /verbose /out:"Debug\数组类模板.exe.embed.manifest" /manifest "Debug\数组类模板.exe.intermediate.manifest"
         C:\Program Files (x86)\Microsoft SDKs\Windows\v7.0A\bin\rc.exe /nologo /fo"Debug\数组类模板.exe.embed.manifest.res" "Debug\数组类模板_manifest.rc" 
       LinkEmbedManifest:
         C:\Program Files (x86)\Microsoft Visual Studio 10.0\VC\bin\link.exe /ERRORREPORT:PROMPT /OUT:"F:\vs project\数组类模板\Debug\数组类模板.exe" /INCREMENTAL /NOLOGO kernel32.lib user32.lib gdi32.lib winspool.lib comdlg32.lib advapi32.lib shell32.lib ole32.lib oleaut32.lib uuid.lib odbc32.lib odbccp32.lib /MANIFEST /ManifestFile:"Debug\数组类模板.exe.intermediate.manifest" /MANIFESTUAC:"level='asInvoker' uiAccess='false'" /DEBUG /PDB:"F:\vs project\数组类模板\Debug\数组类模板.pdb" /SUBSYSTEM:CONSOLE /TLBID:1 /DYNAMICBASE /NXCOMPAT /IMPLIB:"F:\vs project\数组类模板\Debug\数组类模板.lib" /MACHINE:X86 "Debug\数组类模板.exe.embed.manifest.res"
         Debug\array.obj
         Debug\main.obj
         数组类模板.vcxproj -> F:\vs project\数组类模板\Debug\数组类模板.exe
       FinalizeBuildStatus:
         正在删除文件“Debug\数组类模板.unsuccessfulbuild”。
         正在对“Debug\数组类模板.lastbuildstate”执行 Touch 任务。
     1>已完成生成项目“F:\vs project\数组类模板\数组类模板\数组类模板.vcxproj”(build 个目标)的操作。

生成成功。

已用时间 00:00:00.93
