F:\VS PROJECT\人脸识别\DEBUG\人脸识别.EXE
F:\VS PROJECT\人脸识别\DEBUG\人脸识别.ILK
F:\VS PROJECT\人脸识别\DEBUG\人脸识别.PDB
F:\vs project\人脸识别\人脸识别\Debug\cl.command.1.tlog
F:\vs project\人脸识别\人脸识别\Debug\CL.read.1.tlog
F:\vs project\人脸识别\人脸识别\Debug\CL.write.1.tlog
F:\vs project\人脸识别\人脸识别\Debug\link.11868.read.1.tlog
F:\vs project\人脸识别\人脸识别\Debug\link.11868.write.1.tlog
F:\vs project\人脸识别\人脸识别\Debug\link.11868-cvtres.read.1.tlog
F:\vs project\人脸识别\人脸识别\Debug\link.11868-cvtres.write.1.tlog
F:\vs project\人脸识别\人脸识别\Debug\link.12008.read.1.tlog
F:\vs project\人脸识别\人脸识别\Debug\link.12008.write.1.tlog
F:\vs project\人脸识别\人脸识别\Debug\link.12008-cvtres.read.1.tlog
F:\vs project\人脸识别\人脸识别\Debug\link.12008-cvtres.write.1.tlog
F:\vs project\人脸识别\人脸识别\Debug\link.12088.read.1.tlog
F:\vs project\人脸识别\人脸识别\Debug\link.12088.write.1.tlog
F:\vs project\人脸识别\人脸识别\Debug\link.12088-cvtres.read.1.tlog
F:\vs project\人脸识别\人脸识别\Debug\link.12088-cvtres.write.1.tlog
F:\vs project\人脸识别\人脸识别\Debug\link.13104.read.1.tlog
F:\vs project\人脸识别\人脸识别\Debug\link.13104.write.1.tlog
F:\vs project\人脸识别\人脸识别\Debug\link.13104-cvtres.read.1.tlog
F:\vs project\人脸识别\人脸识别\Debug\link.13104-cvtres.write.1.tlog
F:\vs project\人脸识别\人脸识别\Debug\link.6224.read.1.tlog
F:\vs project\人脸识别\人脸识别\Debug\link.6224.write.1.tlog
F:\vs project\人脸识别\人脸识别\Debug\link.6224-cvtres.read.1.tlog
F:\vs project\人脸识别\人脸识别\Debug\link.6224-cvtres.write.1.tlog
F:\vs project\人脸识别\人脸识别\Debug\link.7108.read.1.tlog
F:\vs project\人脸识别\人脸识别\Debug\link.7108.write.1.tlog
F:\vs project\人脸识别\人脸识别\Debug\link.7108-cvtres.read.1.tlog
F:\vs project\人脸识别\人脸识别\Debug\link.7108-cvtres.write.1.tlog
F:\vs project\人脸识别\人脸识别\Debug\link.7424.read.1.tlog
F:\vs project\人脸识别\人脸识别\Debug\link.7424.write.1.tlog
F:\vs project\人脸识别\人脸识别\Debug\link.7424-cvtres.read.1.tlog
F:\vs project\人脸识别\人脸识别\Debug\link.7424-cvtres.write.1.tlog
F:\vs project\人脸识别\人脸识别\Debug\link.8928.read.1.tlog
F:\vs project\人脸识别\人脸识别\Debug\link.8928.write.1.tlog
F:\vs project\人脸识别\人脸识别\Debug\link.8928-cvtres.read.1.tlog
F:\vs project\人脸识别\人脸识别\Debug\link.8928-cvtres.write.1.tlog
F:\vs project\人脸识别\人脸识别\Debug\link.9668.read.1.tlog
F:\vs project\人脸识别\人脸识别\Debug\link.9668.write.1.tlog
F:\vs project\人脸识别\人脸识别\Debug\link.9668-cvtres.read.1.tlog
F:\vs project\人脸识别\人脸识别\Debug\link.9668-cvtres.write.1.tlog
F:\vs project\人脸识别\人脸识别\Debug\link.command.1.tlog
F:\vs project\人脸识别\人脸识别\Debug\link.read.1.tlog
F:\vs project\人脸识别\人脸识别\Debug\link.write.1.tlog
F:\vs project\人脸识别\人脸识别\Debug\link-cvtres.read.1.tlog
F:\vs project\人脸识别\人脸识别\Debug\link-cvtres.write.1.tlog
F:\VS PROJECT\人脸识别\人脸识别\DEBUG\MAIN.OBJ
F:\vs project\人脸识别\人脸识别\Debug\mt.command.1.tlog
F:\vs project\人脸识别\人脸识别\Debug\mt.read.1.tlog
F:\vs project\人脸识别\人脸识别\Debug\mt.write.1.tlog
F:\vs project\人脸识别\人脸识别\Debug\rc.command.1.tlog
F:\vs project\人脸识别\人脸识别\Debug\rc.read.1.tlog
F:\vs project\人脸识别\人脸识别\Debug\rc.write.1.tlog
F:\vs project\人脸识别\人脸识别\Debug\vc100.idb
F:\VS PROJECT\人脸识别\人脸识别\DEBUG\VC100.PDB
F:\VS PROJECT\人脸识别\人脸识别\DEBUG\人脸识别.EXE.EMBED.MANIFEST
F:\VS PROJECT\人脸识别\人脸识别\DEBUG\人脸识别.EXE.EMBED.MANIFEST.RES
F:\VS PROJECT\人脸识别\人脸识别\DEBUG\人脸识别.EXE.INTERMEDIATE.MANIFEST
F:\vs project\人脸识别\人脸识别\Debug\人脸识别.vcxprojResolveAssemblyReference.cache
F:\vs project\人脸识别\人脸识别\Debug\人脸识别.write.1.tlog
F:\vs project\人脸识别\人脸识别\Debug\人脸识别_manifest.rc
