F:\VS PROJECT\XJOI\DEBUG\人山人海.EXE
F:\VS PROJECT\XJOI\DEBUG\人山人海.ILK
F:\VS PROJECT\XJOI\DEBUG\人山人海.PDB
F:\vs project\XJOI\人山人海\Debug\cl.command.1.tlog
F:\vs project\XJOI\人山人海\Debug\CL.read.1.tlog
F:\vs project\XJOI\人山人海\Debug\CL.write.1.tlog
F:\vs project\XJOI\人山人海\Debug\link.8732.read.1.tlog
F:\vs project\XJOI\人山人海\Debug\link.8732.write.1.tlog
F:\vs project\XJOI\人山人海\Debug\link.8732-cvtres.read.1.tlog
F:\vs project\XJOI\人山人海\Debug\link.8732-cvtres.write.1.tlog
F:\vs project\XJOI\人山人海\Debug\link.command.1.tlog
F:\vs project\XJOI\人山人海\Debug\link.read.1.tlog
F:\vs project\XJOI\人山人海\Debug\link.write.1.tlog
F:\vs project\XJOI\人山人海\Debug\link-cvtres.read.1.tlog
F:\vs project\XJOI\人山人海\Debug\link-cvtres.write.1.tlog
F:\vs project\XJOI\人山人海\Debug\mt.command.1.tlog
F:\vs project\XJOI\人山人海\Debug\mt.read.1.tlog
F:\vs project\XJOI\人山人海\Debug\mt.write.1.tlog
F:\vs project\XJOI\人山人海\Debug\rc.command.1.tlog
F:\vs project\XJOI\人山人海\Debug\rc.read.1.tlog
F:\vs project\XJOI\人山人海\Debug\rc.write.1.tlog
F:\vs project\XJOI\人山人海\Debug\vc100.idb
F:\VS PROJECT\XJOI\人山人海\DEBUG\VC100.PDB
F:\VS PROJECT\XJOI\人山人海\DEBUG\人山人海.EXE.EMBED.MANIFEST
F:\VS PROJECT\XJOI\人山人海\DEBUG\人山人海.EXE.EMBED.MANIFEST.RES
F:\VS PROJECT\XJOI\人山人海\DEBUG\人山人海.EXE.INTERMEDIATE.MANIFEST
F:\VS PROJECT\XJOI\人山人海\DEBUG\人山人海.OBJ
F:\vs project\XJOI\人山人海\Debug\人山人海.write.1.tlog
F:\vs project\XJOI\人山人海\Debug\人山人海_manifest.rc
