F:\VS PROJECT\XJOI\DEBUG\美丽的矩阵.EXE
F:\VS PROJECT\XJOI\DEBUG\美丽的矩阵.ILK
F:\VS PROJECT\XJOI\DEBUG\美丽的矩阵.PDB
F:\vs project\XJOI\美丽的矩阵\Debug\cl.command.1.tlog
F:\vs project\XJOI\美丽的矩阵\Debug\CL.read.1.tlog
F:\vs project\XJOI\美丽的矩阵\Debug\CL.write.1.tlog
F:\vs project\XJOI\美丽的矩阵\Debug\link.7304.read.1.tlog
F:\vs project\XJOI\美丽的矩阵\Debug\link.7304.write.1.tlog
F:\vs project\XJOI\美丽的矩阵\Debug\link.7304-cvtres.read.1.tlog
F:\vs project\XJOI\美丽的矩阵\Debug\link.7304-cvtres.write.1.tlog
F:\vs project\XJOI\美丽的矩阵\Debug\link.command.1.tlog
F:\vs project\XJOI\美丽的矩阵\Debug\link.read.1.tlog
F:\vs project\XJOI\美丽的矩阵\Debug\link.write.1.tlog
F:\vs project\XJOI\美丽的矩阵\Debug\link-cvtres.read.1.tlog
F:\vs project\XJOI\美丽的矩阵\Debug\link-cvtres.write.1.tlog
F:\vs project\XJOI\美丽的矩阵\Debug\mt.command.1.tlog
F:\vs project\XJOI\美丽的矩阵\Debug\mt.read.1.tlog
F:\vs project\XJOI\美丽的矩阵\Debug\mt.write.1.tlog
F:\vs project\XJOI\美丽的矩阵\Debug\rc.command.1.tlog
F:\vs project\XJOI\美丽的矩阵\Debug\rc.read.1.tlog
F:\vs project\XJOI\美丽的矩阵\Debug\rc.write.1.tlog
F:\vs project\XJOI\美丽的矩阵\Debug\vc100.idb
F:\VS PROJECT\XJOI\美丽的矩阵\DEBUG\VC100.PDB
F:\VS PROJECT\XJOI\美丽的矩阵\DEBUG\美丽的矩阵.EXE.EMBED.MANIFEST
F:\VS PROJECT\XJOI\美丽的矩阵\DEBUG\美丽的矩阵.EXE.EMBED.MANIFEST.RES
F:\VS PROJECT\XJOI\美丽的矩阵\DEBUG\美丽的矩阵.EXE.INTERMEDIATE.MANIFEST
F:\VS PROJECT\XJOI\美丽的矩阵\DEBUG\美丽的矩阵.OBJ
F:\vs project\XJOI\美丽的矩阵\Debug\美丽的矩阵.write.1.tlog
F:\vs project\XJOI\美丽的矩阵\Debug\美丽的矩阵_manifest.rc
