生成启动时间为 2018/11/4 0:44:36。
     1>项目“F:\vs project\usebrass2.cpp\usebrass2.cpp\usebrass2.cpp.vcxproj”在节点 2 上(build 个目标)。
     1>InitializeBuildStatus:
         正在创建“Debug\usebrass2.cpp.unsuccessfulbuild”，因为已指定“AlwaysCreate”。
       ClCompile:
         C:\Program Files (x86)\Microsoft Visual Studio 10.0\VC\bin\CL.exe /c /ZI /nologo /W3 /WX- /Od /Oy- /D WIN32 /D _DEBUG /D _CONSOLE /D _UNICODE /D UNICODE /Gm /EHsc /RTC1 /MDd /GS /fp:precise /Zc:wchar_t /Zc:forScope /Fo"Debug\\" /Fd"Debug\vc100.pdb" /Gd /TP /analyze- /errorReport:prompt usebrass2.cpp
         usebrass2.cpp
       ManifestResourceCompile:
         所有输出均为最新。
       Link:
         C:\Program Files (x86)\Microsoft Visual Studio 10.0\VC\bin\link.exe /ERRORREPORT:PROMPT /OUT:"F:\vs project\usebrass2.cpp\Debug\usebrass2.cpp.exe" /INCREMENTAL /NOLOGO kernel32.lib user32.lib gdi32.lib winspool.lib comdlg32.lib advapi32.lib shell32.lib ole32.lib oleaut32.lib uuid.lib odbc32.lib odbccp32.lib /MANIFEST /ManifestFile:"Debug\usebrass2.cpp.exe.intermediate.manifest" /MANIFESTUAC:"level='asInvoker' uiAccess='false'" /DEBUG /PDB:"F:\vs project\usebrass2.cpp\Debug\usebrass2.cpp.pdb" /SUBSYSTEM:CONSOLE /TLBID:1 /DYNAMICBASE /NXCOMPAT /IMPLIB:"F:\vs project\usebrass2.cpp\Debug\usebrass2.cpp.lib" /MACHINE:X86 Debug\usebrass2.cpp.exe.embed.manifest.res
         Debug\brass.obj
         Debug\usebrass2.obj
       Manifest:
         C:\Program Files (x86)\Microsoft SDKs\Windows\v7.0A\bin\mt.exe /nologo /verbose /out:"Debug\usebrass2.cpp.exe.embed.manifest" /manifest Debug\usebrass2.cpp.exe.intermediate.manifest
         所有输出均为最新。
       LinkEmbedManifest:
         所有输出均为最新。
         usebrass2.cpp.vcxproj -> F:\vs project\usebrass2.cpp\Debug\usebrass2.cpp.exe
       FinalizeBuildStatus:
         正在删除文件“Debug\usebrass2.cpp.unsuccessfulbuild”。
         正在对“Debug\usebrass2.cpp.lastbuildstate”执行 Touch 任务。
     1>已完成生成项目“F:\vs project\usebrass2.cpp\usebrass2.cpp\usebrass2.cpp.vcxproj”(build 个目标)的操作。

生成成功。

已用时间 00:00:00.71
