F:\VS PROJECT\XJOI\DEBUG\连续自然数和.EXE
F:\VS PROJECT\XJOI\DEBUG\连续自然数和.ILK
F:\VS PROJECT\XJOI\DEBUG\连续自然数和.PDB
F:\vs project\XJOI\连续自然数和\Debug\cl.command.1.tlog
F:\vs project\XJOI\连续自然数和\Debug\CL.read.1.tlog
F:\vs project\XJOI\连续自然数和\Debug\CL.write.1.tlog
F:\vs project\XJOI\连续自然数和\Debug\link.1268.read.1.tlog
F:\vs project\XJOI\连续自然数和\Debug\link.1268.write.1.tlog
F:\vs project\XJOI\连续自然数和\Debug\link.1268-cvtres.read.1.tlog
F:\vs project\XJOI\连续自然数和\Debug\link.1268-cvtres.write.1.tlog
F:\vs project\XJOI\连续自然数和\Debug\link.command.1.tlog
F:\vs project\XJOI\连续自然数和\Debug\link.read.1.tlog
F:\vs project\XJOI\连续自然数和\Debug\link.write.1.tlog
F:\vs project\XJOI\连续自然数和\Debug\link-cvtres.read.1.tlog
F:\vs project\XJOI\连续自然数和\Debug\link-cvtres.write.1.tlog
F:\vs project\XJOI\连续自然数和\Debug\mt.command.1.tlog
F:\vs project\XJOI\连续自然数和\Debug\mt.read.1.tlog
F:\vs project\XJOI\连续自然数和\Debug\mt.write.1.tlog
F:\vs project\XJOI\连续自然数和\Debug\rc.command.1.tlog
F:\vs project\XJOI\连续自然数和\Debug\rc.read.1.tlog
F:\vs project\XJOI\连续自然数和\Debug\rc.write.1.tlog
F:\vs project\XJOI\连续自然数和\Debug\vc100.idb
F:\VS PROJECT\XJOI\连续自然数和\DEBUG\VC100.PDB
F:\VS PROJECT\XJOI\连续自然数和\DEBUG\连续自然数和.EXE.EMBED.MANIFEST
F:\VS PROJECT\XJOI\连续自然数和\DEBUG\连续自然数和.EXE.EMBED.MANIFEST.RES
F:\VS PROJECT\XJOI\连续自然数和\DEBUG\连续自然数和.EXE.INTERMEDIATE.MANIFEST
F:\VS PROJECT\XJOI\连续自然数和\DEBUG\连续自然数和.OBJ
F:\vs project\XJOI\连续自然数和\Debug\连续自然数和.write.1.tlog
F:\vs project\XJOI\连续自然数和\Debug\连续自然数和_manifest.rc
