生成启动时间为 2019/1/29 9:48:50。
     1>项目“F:\vs project\XJOI\连续自然数和\连续自然数和.vcxproj”在节点 3 上(rebuild 个目标)。
     1>_PrepareForClean:
         正在删除文件“Debug\连续自然数和.lastbuildstate”。
       InitializeBuildStatus:
         正在创建“Debug\连续自然数和.unsuccessfulbuild”，因为已指定“AlwaysCreate”。
       ClCompile:
         C:\Program Files (x86)\Microsoft Visual Studio 10.0\VC\bin\CL.exe /c /ZI /nologo /W3 /WX- /Od /Oy- /D WIN32 /D _DEBUG /D _CONSOLE /D _UNICODE /D UNICODE /Gm /EHsc /RTC1 /MDd /GS /fp:precise /Zc:wchar_t /Zc:forScope /Fo"Debug\\" /Fd"Debug\vc100.pdb" /Gd /TP /analyze- /errorReport:prompt "连续自然数和.cpp"
         连续自然数和.cpp
     1>f:\vs project\xjoi\连续自然数和\连续自然数和.cpp(139): warning C4244: “初始化”: 从“double”转换到“int”，可能丢失数据
       ManifestResourceCompile:
         C:\Program Files (x86)\Microsoft SDKs\Windows\v7.0A\bin\rc.exe /nologo /fo"Debug\连续自然数和.exe.embed.manifest.res" "Debug\连续自然数和_manifest.rc" 
       Link:
         C:\Program Files (x86)\Microsoft Visual Studio 10.0\VC\bin\link.exe /ERRORREPORT:PROMPT /OUT:"F:\vs project\XJOI\Debug\连续自然数和.exe" /INCREMENTAL /NOLOGO kernel32.lib user32.lib gdi32.lib winspool.lib comdlg32.lib advapi32.lib shell32.lib ole32.lib oleaut32.lib uuid.lib odbc32.lib odbccp32.lib /MANIFEST /ManifestFile:"Debug\连续自然数和.exe.intermediate.manifest" /MANIFESTUAC:"level='asInvoker' uiAccess='false'" /DEBUG /PDB:"F:\vs project\XJOI\Debug\连续自然数和.pdb" /SUBSYSTEM:CONSOLE /TLBID:1 /DYNAMICBASE /NXCOMPAT /IMPLIB:"F:\vs project\XJOI\Debug\连续自然数和.lib" /MACHINE:X86 "Debug\连续自然数和.exe.embed.manifest.res"
         "Debug\连续自然数和.obj"
       Manifest:
         正在删除文件“Debug\连续自然数和.exe.embed.manifest”。
         C:\Program Files (x86)\Microsoft SDKs\Windows\v7.0A\bin\mt.exe /nologo /verbose /out:"Debug\连续自然数和.exe.embed.manifest" /manifest "Debug\连续自然数和.exe.intermediate.manifest"
         C:\Program Files (x86)\Microsoft SDKs\Windows\v7.0A\bin\rc.exe /nologo /fo"Debug\连续自然数和.exe.embed.manifest.res" "Debug\连续自然数和_manifest.rc" 
       LinkEmbedManifest:
         C:\Program Files (x86)\Microsoft Visual Studio 10.0\VC\bin\link.exe /ERRORREPORT:PROMPT /OUT:"F:\vs project\XJOI\Debug\连续自然数和.exe" /INCREMENTAL /NOLOGO kernel32.lib user32.lib gdi32.lib winspool.lib comdlg32.lib advapi32.lib shell32.lib ole32.lib oleaut32.lib uuid.lib odbc32.lib odbccp32.lib /MANIFEST /ManifestFile:"Debug\连续自然数和.exe.intermediate.manifest" /MANIFESTUAC:"level='asInvoker' uiAccess='false'" /DEBUG /PDB:"F:\vs project\XJOI\Debug\连续自然数和.pdb" /SUBSYSTEM:CONSOLE /TLBID:1 /DYNAMICBASE /NXCOMPAT /IMPLIB:"F:\vs project\XJOI\Debug\连续自然数和.lib" /MACHINE:X86 "Debug\连续自然数和.exe.embed.manifest.res"
         "Debug\连续自然数和.obj"
         连续自然数和.vcxproj -> F:\vs project\XJOI\Debug\连续自然数和.exe
       FinalizeBuildStatus:
         正在删除文件“Debug\连续自然数和.unsuccessfulbuild”。
         正在对“Debug\连续自然数和.lastbuildstate”执行 Touch 任务。
     1>已完成生成项目“F:\vs project\XJOI\连续自然数和\连续自然数和.vcxproj”(rebuild 个目标)的操作。

生成成功。

已用时间 00:00:02.13
