生成启动时间为 2018/11/11 10:16:19。
     1>项目“F:\vs project\14.5 abstr_emp\14.5 abstr_emp\14.5 abstr_emp.vcxproj”在节点 2 上(build 个目标)。
     1>InitializeBuildStatus:
         正在创建“Debug\14.5 abstr_emp.unsuccessfulbuild”，因为已指定“AlwaysCreate”。
       ClCompile:
         C:\Program Files (x86)\Microsoft Visual Studio 10.0\VC\bin\CL.exe /c /ZI /nologo /W3 /WX- /Od /Oy- /D WIN32 /D _DEBUG /D _CONSOLE /D _UNICODE /D UNICODE /Gm /EHsc /RTC1 /MDd /GS /fp:precise /Zc:wchar_t /Zc:forScope /Fo"Debug\\" /Fd"Debug\vc100.pdb" /Gd /TP /analyze- /errorReport:prompt highfink.cpp manager.cpp
         manager.cpp
         highfink.cpp
         正在生成代码...
       ManifestResourceCompile:
         所有输出均为最新。
       Link:
         C:\Program Files (x86)\Microsoft Visual Studio 10.0\VC\bin\link.exe /ERRORREPORT:PROMPT /OUT:"F:\vs project\14.5 abstr_emp\Debug\14.5 abstr_emp.exe" /INCREMENTAL /NOLOGO kernel32.lib user32.lib gdi32.lib winspool.lib comdlg32.lib advapi32.lib shell32.lib ole32.lib oleaut32.lib uuid.lib odbc32.lib odbccp32.lib /MANIFEST /ManifestFile:"Debug\14.5 abstr_emp.exe.intermediate.manifest" /MANIFESTUAC:"level='asInvoker' uiAccess='false'" /DEBUG /PDB:"F:\vs project\14.5 abstr_emp\Debug\14.5 abstr_emp.pdb" /SUBSYSTEM:CONSOLE /TLBID:1 /DYNAMICBASE /NXCOMPAT /IMPLIB:"F:\vs project\14.5 abstr_emp\Debug\14.5 abstr_emp.lib" /MACHINE:X86 "Debug\14.5 abstr_emp.exe.embed.manifest.res"
         Debug\abstr_emp.obj
         Debug\employee.obj
         Debug\fink.obj
         Debug\highfink.obj
         Debug\main.obj
         Debug\manager.obj
       Manifest:
         C:\Program Files (x86)\Microsoft SDKs\Windows\v7.0A\bin\mt.exe /nologo /verbose /out:"Debug\14.5 abstr_emp.exe.embed.manifest" /manifest "Debug\14.5 abstr_emp.exe.intermediate.manifest"
         所有输出均为最新。
       LinkEmbedManifest:
         所有输出均为最新。
         14.5 abstr_emp.vcxproj -> F:\vs project\14.5 abstr_emp\Debug\14.5 abstr_emp.exe
       FinalizeBuildStatus:
         正在删除文件“Debug\14.5 abstr_emp.unsuccessfulbuild”。
         正在对“Debug\14.5 abstr_emp.lastbuildstate”执行 Touch 任务。
     1>已完成生成项目“F:\vs project\14.5 abstr_emp\14.5 abstr_emp\14.5 abstr_emp.vcxproj”(build 个目标)的操作。

生成成功。

已用时间 00:00:07.91
