生成启动时间为 2018/10/24 16:10:12。
     1>项目“F:\vs project\tempmemb\tempmemb\tempmemb.vcxproj”在节点 2 上(build 个目标)。
     1>PrepareForBuild:
         正在创建目录“F:\vs project\tempmemb\Debug\”。
       InitializeBuildStatus:
         正在创建“Debug\tempmemb.unsuccessfulbuild”，因为已指定“AlwaysCreate”。
       ClCompile:
         C:\Program Files (x86)\Microsoft Visual Studio 10.0\VC\bin\CL.exe /c /ZI /nologo /W3 /WX- /Od /Oy- /D WIN32 /D _DEBUG /D _CONSOLE /D _UNICODE /D UNICODE /Gm /EHsc /RTC1 /MDd /GS /fp:precise /Zc:wchar_t /Zc:forScope /Fo"Debug\\" /Fd"Debug\vc100.pdb" /Gd /TP /analyze- /errorReport:prompt tempmemb.cpp
         tempmemb.cpp
     1>f:\vs project\tempmemb\tempmemb\tempmemb.cpp(25): warning C4244: “return”: 从“double”转换到“int”，可能丢失数据
                 f:\vs project\tempmemb\tempmemb\tempmemb.cpp(35): 参见对正在编译的函数 模板 实例化“U beta<T>::blab<int>(U,T)”的引用
                 with
                 [
                     U=int,
                     T=double
                 ]
       ManifestResourceCompile:
         C:\Program Files (x86)\Microsoft SDKs\Windows\v7.0A\bin\rc.exe /nologo /fo"Debug\tempmemb.exe.embed.manifest.res" Debug\tempmemb_manifest.rc 
       Link:
         C:\Program Files (x86)\Microsoft Visual Studio 10.0\VC\bin\link.exe /ERRORREPORT:PROMPT /OUT:"F:\vs project\tempmemb\Debug\tempmemb.exe" /INCREMENTAL /NOLOGO kernel32.lib user32.lib gdi32.lib winspool.lib comdlg32.lib advapi32.lib shell32.lib ole32.lib oleaut32.lib uuid.lib odbc32.lib odbccp32.lib /MANIFEST /ManifestFile:"Debug\tempmemb.exe.intermediate.manifest" /MANIFESTUAC:"level='asInvoker' uiAccess='false'" /DEBUG /PDB:"F:\vs project\tempmemb\Debug\tempmemb.pdb" /SUBSYSTEM:CONSOLE /TLBID:1 /DYNAMICBASE /NXCOMPAT /IMPLIB:"F:\vs project\tempmemb\Debug\tempmemb.lib" /MACHINE:X86 Debug\tempmemb.exe.embed.manifest.res
         Debug\tempmemb.obj
       Manifest:
         C:\Program Files (x86)\Microsoft SDKs\Windows\v7.0A\bin\mt.exe /nologo /verbose /out:"Debug\tempmemb.exe.embed.manifest" /manifest Debug\tempmemb.exe.intermediate.manifest
         C:\Program Files (x86)\Microsoft SDKs\Windows\v7.0A\bin\rc.exe /nologo /fo"Debug\tempmemb.exe.embed.manifest.res" Debug\tempmemb_manifest.rc 
       LinkEmbedManifest:
         C:\Program Files (x86)\Microsoft Visual Studio 10.0\VC\bin\link.exe /ERRORREPORT:PROMPT /OUT:"F:\vs project\tempmemb\Debug\tempmemb.exe" /INCREMENTAL /NOLOGO kernel32.lib user32.lib gdi32.lib winspool.lib comdlg32.lib advapi32.lib shell32.lib ole32.lib oleaut32.lib uuid.lib odbc32.lib odbccp32.lib /MANIFEST /ManifestFile:"Debug\tempmemb.exe.intermediate.manifest" /MANIFESTUAC:"level='asInvoker' uiAccess='false'" /DEBUG /PDB:"F:\vs project\tempmemb\Debug\tempmemb.pdb" /SUBSYSTEM:CONSOLE /TLBID:1 /DYNAMICBASE /NXCOMPAT /IMPLIB:"F:\vs project\tempmemb\Debug\tempmemb.lib" /MACHINE:X86 Debug\tempmemb.exe.embed.manifest.res
         Debug\tempmemb.obj
         tempmemb.vcxproj -> F:\vs project\tempmemb\Debug\tempmemb.exe
       FinalizeBuildStatus:
         正在删除文件“Debug\tempmemb.unsuccessfulbuild”。
         正在对“Debug\tempmemb.lastbuildstate”执行 Touch 任务。
     1>已完成生成项目“F:\vs project\tempmemb\tempmemb\tempmemb.vcxproj”(build 个目标)的操作。

生成成功。

已用时间 00:00:02.62
