F:\VS PROJECT\XJOI\DEBUG\寻找小数.EXE
F:\VS PROJECT\XJOI\DEBUG\寻找小数.ILK
F:\VS PROJECT\XJOI\DEBUG\寻找小数.PDB
F:\vs project\XJOI\寻找小数\Debug\cl.command.1.tlog
F:\vs project\XJOI\寻找小数\Debug\CL.read.1.tlog
F:\vs project\XJOI\寻找小数\Debug\CL.write.1.tlog
F:\vs project\XJOI\寻找小数\Debug\link.7232.read.1.tlog
F:\vs project\XJOI\寻找小数\Debug\link.7232.write.1.tlog
F:\vs project\XJOI\寻找小数\Debug\link.7232-cvtres.read.1.tlog
F:\vs project\XJOI\寻找小数\Debug\link.7232-cvtres.write.1.tlog
F:\vs project\XJOI\寻找小数\Debug\link.command.1.tlog
F:\vs project\XJOI\寻找小数\Debug\link.read.1.tlog
F:\vs project\XJOI\寻找小数\Debug\link.write.1.tlog
F:\vs project\XJOI\寻找小数\Debug\link-cvtres.read.1.tlog
F:\vs project\XJOI\寻找小数\Debug\link-cvtres.write.1.tlog
F:\vs project\XJOI\寻找小数\Debug\mt.command.1.tlog
F:\vs project\XJOI\寻找小数\Debug\mt.read.1.tlog
F:\vs project\XJOI\寻找小数\Debug\mt.write.1.tlog
F:\vs project\XJOI\寻找小数\Debug\rc.command.1.tlog
F:\vs project\XJOI\寻找小数\Debug\rc.read.1.tlog
F:\vs project\XJOI\寻找小数\Debug\rc.write.1.tlog
F:\vs project\XJOI\寻找小数\Debug\vc100.idb
F:\VS PROJECT\XJOI\寻找小数\DEBUG\VC100.PDB
F:\VS PROJECT\XJOI\寻找小数\DEBUG\寻找小数.EXE.EMBED.MANIFEST
F:\VS PROJECT\XJOI\寻找小数\DEBUG\寻找小数.EXE.EMBED.MANIFEST.RES
F:\VS PROJECT\XJOI\寻找小数\DEBUG\寻找小数.EXE.INTERMEDIATE.MANIFEST
F:\VS PROJECT\XJOI\寻找小数\DEBUG\寻找小数.OBJ
F:\vs project\XJOI\寻找小数\Debug\寻找小数.write.1.tlog
F:\vs project\XJOI\寻找小数\Debug\寻找小数_manifest.rc
