F:\VS PROJECT\XJOI\DEBUG\数组——画圆圈.EXE
F:\VS PROJECT\XJOI\DEBUG\数组——画圆圈.ILK
F:\VS PROJECT\XJOI\DEBUG\数组——画圆圈.PDB
F:\vs project\XJOI\数组——画圆圈\Debug\cl.command.1.tlog
F:\vs project\XJOI\数组——画圆圈\Debug\CL.read.1.tlog
F:\vs project\XJOI\数组——画圆圈\Debug\CL.write.1.tlog
F:\vs project\XJOI\数组——画圆圈\Debug\link.9908.read.1.tlog
F:\vs project\XJOI\数组——画圆圈\Debug\link.9908.write.1.tlog
F:\vs project\XJOI\数组——画圆圈\Debug\link.9908-cvtres.read.1.tlog
F:\vs project\XJOI\数组——画圆圈\Debug\link.9908-cvtres.write.1.tlog
F:\vs project\XJOI\数组——画圆圈\Debug\link.command.1.tlog
F:\vs project\XJOI\数组——画圆圈\Debug\link.read.1.tlog
F:\vs project\XJOI\数组——画圆圈\Debug\link.write.1.tlog
F:\vs project\XJOI\数组——画圆圈\Debug\link-cvtres.read.1.tlog
F:\vs project\XJOI\数组——画圆圈\Debug\link-cvtres.write.1.tlog
F:\vs project\XJOI\数组——画圆圈\Debug\mt.command.1.tlog
F:\vs project\XJOI\数组——画圆圈\Debug\mt.read.1.tlog
F:\vs project\XJOI\数组——画圆圈\Debug\mt.write.1.tlog
F:\vs project\XJOI\数组——画圆圈\Debug\rc.command.1.tlog
F:\vs project\XJOI\数组——画圆圈\Debug\rc.read.1.tlog
F:\vs project\XJOI\数组——画圆圈\Debug\rc.write.1.tlog
F:\vs project\XJOI\数组——画圆圈\Debug\vc100.idb
F:\VS PROJECT\XJOI\数组——画圆圈\DEBUG\VC100.PDB
F:\VS PROJECT\XJOI\数组——画圆圈\DEBUG\简易三子棋.OBJ
F:\VS PROJECT\XJOI\数组——画圆圈\DEBUG\数组——画圆圈.EXE.EMBED.MANIFEST
F:\VS PROJECT\XJOI\数组——画圆圈\DEBUG\数组——画圆圈.EXE.EMBED.MANIFEST.RES
F:\VS PROJECT\XJOI\数组——画圆圈\DEBUG\数组——画圆圈.EXE.INTERMEDIATE.MANIFEST
F:\vs project\XJOI\数组——画圆圈\Debug\数组——画圆圈.write.1.tlog
F:\vs project\XJOI\数组——画圆圈\Debug\数组——画圆圈_manifest.rc
