F:\vs project\XJOI\alice bob\Debug\alice bob.exe.embed.manifest
F:\VS PROJECT\XJOI\ALICE BOB\DEBUG\ALICE BOB.EXE.EMBED.MANIFEST.RES
F:\vs project\XJOI\alice bob\Debug\alice bob.exe.intermediate.manifest
F:\VS PROJECT\XJOI\ALICE BOB\DEBUG\ALICE BOB.OBJ
F:\vs project\XJOI\alice bob\Debug\alice bob.write.1.tlog
F:\vs project\XJOI\alice bob\Debug\alice bob_manifest.rc
F:\vs project\XJOI\alice bob\Debug\cl.command.1.tlog
F:\vs project\XJOI\alice bob\Debug\CL.read.1.tlog
F:\vs project\XJOI\alice bob\Debug\CL.write.1.tlog
F:\vs project\XJOI\alice bob\Debug\link.command.1.tlog
F:\vs project\XJOI\alice bob\Debug\link.read.1.tlog
F:\vs project\XJOI\alice bob\Debug\link.write.1.tlog
F:\vs project\XJOI\alice bob\Debug\link-cvtres.read.1.tlog
F:\vs project\XJOI\alice bob\Debug\link-cvtres.write.1.tlog
F:\vs project\XJOI\alice bob\Debug\rc.command.1.tlog
F:\vs project\XJOI\alice bob\Debug\rc.read.1.tlog
F:\vs project\XJOI\alice bob\Debug\rc.write.1.tlog
F:\vs project\XJOI\alice bob\Debug\vc100.idb
F:\VS PROJECT\XJOI\ALICE BOB\DEBUG\VC100.PDB
F:\vs project\XJOI\Debug\alice bob.pdb
