F:\VS PROJECT\XJOI\DEBUG\炸弹.EXE
F:\VS PROJECT\XJOI\DEBUG\炸弹.ILK
F:\VS PROJECT\XJOI\DEBUG\炸弹.PDB
F:\vs project\XJOI\炸弹\Debug\cl.command.1.tlog
F:\vs project\XJOI\炸弹\Debug\CL.read.1.tlog
F:\vs project\XJOI\炸弹\Debug\CL.write.1.tlog
F:\vs project\XJOI\炸弹\Debug\link.9476.read.1.tlog
F:\vs project\XJOI\炸弹\Debug\link.9476.write.1.tlog
F:\vs project\XJOI\炸弹\Debug\link.9476-cvtres.read.1.tlog
F:\vs project\XJOI\炸弹\Debug\link.9476-cvtres.write.1.tlog
F:\vs project\XJOI\炸弹\Debug\link.command.1.tlog
F:\vs project\XJOI\炸弹\Debug\link.read.1.tlog
F:\vs project\XJOI\炸弹\Debug\link.write.1.tlog
F:\vs project\XJOI\炸弹\Debug\link-cvtres.read.1.tlog
F:\vs project\XJOI\炸弹\Debug\link-cvtres.write.1.tlog
F:\vs project\XJOI\炸弹\Debug\mt.command.1.tlog
F:\vs project\XJOI\炸弹\Debug\mt.read.1.tlog
F:\vs project\XJOI\炸弹\Debug\mt.write.1.tlog
F:\vs project\XJOI\炸弹\Debug\rc.command.1.tlog
F:\vs project\XJOI\炸弹\Debug\rc.read.1.tlog
F:\vs project\XJOI\炸弹\Debug\rc.write.1.tlog
F:\vs project\XJOI\炸弹\Debug\vc100.idb
F:\VS PROJECT\XJOI\炸弹\DEBUG\VC100.PDB
F:\VS PROJECT\XJOI\炸弹\DEBUG\炸弹.EXE.EMBED.MANIFEST
F:\VS PROJECT\XJOI\炸弹\DEBUG\炸弹.EXE.EMBED.MANIFEST.RES
F:\VS PROJECT\XJOI\炸弹\DEBUG\炸弹.EXE.INTERMEDIATE.MANIFEST
F:\VS PROJECT\XJOI\炸弹\DEBUG\炸弹.OBJ
F:\vs project\XJOI\炸弹\Debug\炸弹.write.1.tlog
F:\vs project\XJOI\炸弹\Debug\炸弹_manifest.rc
