F:\VS PROJECT\XJOI\DEBUG\分糖果.EXE
F:\VS PROJECT\XJOI\DEBUG\分糖果.ILK
F:\VS PROJECT\XJOI\DEBUG\分糖果.PDB
F:\vs project\XJOI\分糖果\Debug\cl.command.1.tlog
F:\vs project\XJOI\分糖果\Debug\CL.read.1.tlog
F:\vs project\XJOI\分糖果\Debug\CL.write.1.tlog
F:\vs project\XJOI\分糖果\Debug\link.10148.read.1.tlog
F:\vs project\XJOI\分糖果\Debug\link.10148.write.1.tlog
F:\vs project\XJOI\分糖果\Debug\link.10148-cvtres.read.1.tlog
F:\vs project\XJOI\分糖果\Debug\link.10148-cvtres.write.1.tlog
F:\vs project\XJOI\分糖果\Debug\link.command.1.tlog
F:\vs project\XJOI\分糖果\Debug\link.read.1.tlog
F:\vs project\XJOI\分糖果\Debug\link.write.1.tlog
F:\vs project\XJOI\分糖果\Debug\link-cvtres.read.1.tlog
F:\vs project\XJOI\分糖果\Debug\link-cvtres.write.1.tlog
F:\vs project\XJOI\分糖果\Debug\mt.command.1.tlog
F:\vs project\XJOI\分糖果\Debug\mt.read.1.tlog
F:\vs project\XJOI\分糖果\Debug\mt.write.1.tlog
F:\vs project\XJOI\分糖果\Debug\rc.command.1.tlog
F:\vs project\XJOI\分糖果\Debug\rc.read.1.tlog
F:\vs project\XJOI\分糖果\Debug\rc.write.1.tlog
F:\vs project\XJOI\分糖果\Debug\vc100.idb
F:\VS PROJECT\XJOI\分糖果\DEBUG\VC100.PDB
F:\VS PROJECT\XJOI\分糖果\DEBUG\分糖果.EXE.EMBED.MANIFEST
F:\VS PROJECT\XJOI\分糖果\DEBUG\分糖果.EXE.EMBED.MANIFEST.RES
F:\VS PROJECT\XJOI\分糖果\DEBUG\分糖果.EXE.INTERMEDIATE.MANIFEST
F:\VS PROJECT\XJOI\分糖果\DEBUG\分糖果.OBJ
F:\vs project\XJOI\分糖果\Debug\分糖果.write.1.tlog
F:\vs project\XJOI\分糖果\Debug\分糖果_manifest.rc
