<<<<<<< HEAD
e:\desktop file\c++ daily-practice\vs project\多线程\vc_c++\debug\vc_c++.pch
e:\desktop file\c++ daily-practice\vs project\多线程\vc_c++\debug\vc141.pdb
e:\desktop file\c++ daily-practice\vs project\多线程\vc_c++\debug\vc141.idb
e:\desktop file\c++ daily-practice\vs project\多线程\vc_c++\debug\stdafx.obj
e:\desktop file\c++ daily-practice\vs project\多线程\vc_c++\debug\vc_c++dlg.obj
e:\desktop file\c++ daily-practice\vs project\多线程\vc_c++\debug\vc_c++.obj
e:\desktop file\c++ daily-practice\vs project\多线程\vc_c++\debug\cuithreadapp.obj
e:\desktop file\c++ daily-practice\vs project\多线程\vc_c++\debug\ctestdlg.obj
e:\desktop file\c++ daily-practice\vs project\多线程\vc_c++\debug\ctestclass.obj
=======
e:\desktop file\c++ daily-practice\vs project\多线程\vc_c++\debug\vc141.pdb
e:\desktop file\c++ daily-practice\vs project\多线程\vc_c++\debug\vc141.idb
e:\desktop file\c++ daily-practice\vs project\多线程\vc_c++\debug\vc_c++dlg.obj
e:\desktop file\c++ daily-practice\vs project\多线程\vc_c++\debug\vc_c++.obj
e:\desktop file\c++ daily-practice\vs project\多线程\vc_c++\debug\vc_c++.pch
e:\desktop file\c++ daily-practice\vs project\多线程\vc_c++\debug\stdafx.obj
e:\desktop file\c++ daily-practice\vs project\多线程\vc_c++\debug\cuithreadapp.obj
e:\desktop file\c++ daily-practice\vs project\多线程\vc_c++\debug\ctestdlg.obj
>>>>>>> temp
e:\desktop file\c++ daily-practice\vs project\多线程\debug\vc_c++.exe
e:\desktop file\c++ daily-practice\vs project\多线程\debug\vc_c++.ilk
e:\desktop file\c++ daily-practice\vs project\多线程\debug\vc_c++.pdb
e:\desktop file\c++ daily-practice\vs project\多线程\vc_c++\debug\vcc.res
e:\desktop file\c++ daily-practice\vs project\多线程\vc_c++\debug\vc_c++.tlog\cl.command.1.tlog
e:\desktop file\c++ daily-practice\vs project\多线程\vc_c++\debug\vc_c++.tlog\cl.read.1.tlog
e:\desktop file\c++ daily-practice\vs project\多线程\vc_c++\debug\vc_c++.tlog\cl.write.1.tlog
e:\desktop file\c++ daily-practice\vs project\多线程\vc_c++\debug\vc_c++.tlog\link.command.1.tlog
e:\desktop file\c++ daily-practice\vs project\多线程\vc_c++\debug\vc_c++.tlog\link.read.1.tlog
e:\desktop file\c++ daily-practice\vs project\多线程\vc_c++\debug\vc_c++.tlog\link.write.1.tlog
e:\desktop file\c++ daily-practice\vs project\多线程\vc_c++\debug\vc_c++.tlog\rc.command.1.tlog
e:\desktop file\c++ daily-practice\vs project\多线程\vc_c++\debug\vc_c++.tlog\rc.read.1.tlog
e:\desktop file\c++ daily-practice\vs project\多线程\vc_c++\debug\vc_c++.tlog\rc.write.1.tlog
