生成启动时间为 2018/8/23 12:13:30。
     1>项目“F:\vs project\phonelib\phonelib\phonelib.vcxproj”在节点 2 上(build 个目标)。
     1>InitializeBuildStatus:
         正在创建“Debug\phonelib.unsuccessfulbuild”，因为已指定“AlwaysCreate”。
       ClCompile:
         C:\Program Files (x86)\Microsoft Visual Studio 10.0\VC\bin\CL.exe /c /ZI /nologo /W3 /WX- /Od /Oy- /D WIN32 /D _DEBUG /D _CONSOLE /D _UNICODE /D UNICODE /Gm /EHsc /RTC1 /MDd /GS /fp:precise /Zc:wchar_t /Zc:forScope /Fo"Debug\\" /Fd"Debug\vc100.pdb" /Gd /TP /analyze- /errorReport:prompt info.cpp
         info.cpp
     1>f:\vs project\phonelib\phonelib\info.cpp(91): warning C4102: “search_loop”: 未引用的标签
       ManifestResourceCompile:
         所有输出均为最新。
       Link:
         C:\Program Files (x86)\Microsoft Visual Studio 10.0\VC\bin\link.exe /ERRORREPORT:PROMPT /OUT:"F:\vs project\phonelib\Debug\phonelib.exe" /INCREMENTAL /NOLOGO kernel32.lib user32.lib gdi32.lib winspool.lib comdlg32.lib advapi32.lib shell32.lib ole32.lib oleaut32.lib uuid.lib odbc32.lib odbccp32.lib /MANIFEST /ManifestFile:"Debug\phonelib.exe.intermediate.manifest" /MANIFESTUAC:"level='asInvoker' uiAccess='false'" /DEBUG /PDB:"F:\vs project\phonelib\Debug\phonelib.pdb" /SUBSYSTEM:CONSOLE /TLBID:1 /DYNAMICBASE /NXCOMPAT /IMPLIB:"F:\vs project\phonelib\Debug\phonelib.lib" /MACHINE:X86 Debug\phonelib.exe.embed.manifest.res
         Debug\info.obj
         Debug\main.obj
       Manifest:
         C:\Program Files (x86)\Microsoft SDKs\Windows\v7.0A\bin\mt.exe /nologo /verbose /out:"Debug\phonelib.exe.embed.manifest" /manifest Debug\phonelib.exe.intermediate.manifest
         所有输出均为最新。
       LinkEmbedManifest:
         所有输出均为最新。
         phonelib.vcxproj -> F:\vs project\phonelib\Debug\phonelib.exe
       FinalizeBuildStatus:
         正在删除文件“Debug\phonelib.unsuccessfulbuild”。
         正在对“Debug\phonelib.lastbuildstate”执行 Touch 任务。
     1>已完成生成项目“F:\vs project\phonelib\phonelib\phonelib.vcxproj”(build 个目标)的操作。

生成成功。

已用时间 00:00:01.25
