F:\VS PROJECT\XJOI\DEBUG\奇葩的排序.EXE
F:\VS PROJECT\XJOI\DEBUG\奇葩的排序.ILK
F:\VS PROJECT\XJOI\DEBUG\奇葩的排序.PDB
F:\vs project\XJOI\奇葩的排序\Debug\cl.command.1.tlog
F:\vs project\XJOI\奇葩的排序\Debug\CL.read.1.tlog
F:\vs project\XJOI\奇葩的排序\Debug\CL.write.1.tlog
F:\vs project\XJOI\奇葩的排序\Debug\link.9808.read.1.tlog
F:\vs project\XJOI\奇葩的排序\Debug\link.9808.write.1.tlog
F:\vs project\XJOI\奇葩的排序\Debug\link.9808-cvtres.read.1.tlog
F:\vs project\XJOI\奇葩的排序\Debug\link.9808-cvtres.write.1.tlog
F:\vs project\XJOI\奇葩的排序\Debug\link.command.1.tlog
F:\vs project\XJOI\奇葩的排序\Debug\link.read.1.tlog
F:\vs project\XJOI\奇葩的排序\Debug\link.write.1.tlog
F:\vs project\XJOI\奇葩的排序\Debug\link-cvtres.read.1.tlog
F:\vs project\XJOI\奇葩的排序\Debug\link-cvtres.write.1.tlog
F:\vs project\XJOI\奇葩的排序\Debug\mt.command.1.tlog
F:\vs project\XJOI\奇葩的排序\Debug\mt.read.1.tlog
F:\vs project\XJOI\奇葩的排序\Debug\mt.write.1.tlog
F:\vs project\XJOI\奇葩的排序\Debug\rc.command.1.tlog
F:\vs project\XJOI\奇葩的排序\Debug\rc.read.1.tlog
F:\vs project\XJOI\奇葩的排序\Debug\rc.write.1.tlog
F:\vs project\XJOI\奇葩的排序\Debug\vc100.idb
F:\VS PROJECT\XJOI\奇葩的排序\DEBUG\VC100.PDB
F:\VS PROJECT\XJOI\奇葩的排序\DEBUG\奇葩的排序.EXE.EMBED.MANIFEST
F:\VS PROJECT\XJOI\奇葩的排序\DEBUG\奇葩的排序.EXE.EMBED.MANIFEST.RES
F:\VS PROJECT\XJOI\奇葩的排序\DEBUG\奇葩的排序.EXE.INTERMEDIATE.MANIFEST
F:\VS PROJECT\XJOI\奇葩的排序\DEBUG\奇葩的排序.OBJ
F:\vs project\XJOI\奇葩的排序\Debug\奇葩的排序.write.1.tlog
F:\vs project\XJOI\奇葩的排序\Debug\奇葩的排序_manifest.rc
