生成启动时间为 2018/8/22 16:28:48。
     1>项目“F:\vs project\usetime2\usetime2\usetime2.vcxproj”在节点 2 上(build 个目标)。
     1>InitializeBuildStatus:
         正在对“Debug\usetime2.unsuccessfulbuild”执行 Touch 任务。
       ClCompile:
         C:\Program Files (x86)\Microsoft Visual Studio 10.0\VC\bin\CL.exe /c /ZI /nologo /W3 /WX- /Od /Oy- /D WIN32 /D _DEBUG /D _CONSOLE /D _UNICODE /D UNICODE /Gm /EHsc /RTC1 /MDd /GS /fp:precise /Zc:wchar_t /Zc:forScope /Fo"Debug\\" /Fd"Debug\vc100.pdb" /Gd /TP /analyze- /errorReport:prompt mytime2.cpp usetime2.cpp
         usetime2.cpp
         mytime2.cpp
     1>f:\vs project\usetime2\usetime2\mytime2.cpp(56): warning C4244: “初始化”: 从“double”转换到“long”，可能丢失数据
         正在生成代码...
       ManifestResourceCompile:
         所有输出均为最新。
       Link:
         C:\Program Files (x86)\Microsoft Visual Studio 10.0\VC\bin\link.exe /ERRORREPORT:PROMPT /OUT:"F:\vs project\usetime2\Debug\usetime2.exe" /INCREMENTAL /NOLOGO kernel32.lib user32.lib gdi32.lib winspool.lib comdlg32.lib advapi32.lib shell32.lib ole32.lib oleaut32.lib uuid.lib odbc32.lib odbccp32.lib /MANIFEST /ManifestFile:"Debug\usetime2.exe.intermediate.manifest" /MANIFESTUAC:"level='asInvoker' uiAccess='false'" /DEBUG /PDB:"F:\vs project\usetime2\Debug\usetime2.pdb" /SUBSYSTEM:CONSOLE /TLBID:1 /DYNAMICBASE /NXCOMPAT /IMPLIB:"F:\vs project\usetime2\Debug\usetime2.lib" /MACHINE:X86 Debug\usetime2.exe.embed.manifest.res
         Debug\mytime2.obj
         Debug\usetime2.obj
       Manifest:
         C:\Program Files (x86)\Microsoft SDKs\Windows\v7.0A\bin\mt.exe /nologo /verbose /out:"Debug\usetime2.exe.embed.manifest" /manifest Debug\usetime2.exe.intermediate.manifest
         所有输出均为最新。
       LinkEmbedManifest:
         所有输出均为最新。
         usetime2.vcxproj -> F:\vs project\usetime2\Debug\usetime2.exe
       FinalizeBuildStatus:
         正在删除文件“Debug\usetime2.unsuccessfulbuild”。
         正在对“Debug\usetime2.lastbuildstate”执行 Touch 任务。
     1>已完成生成项目“F:\vs project\usetime2\usetime2\usetime2.vcxproj”(build 个目标)的操作。

生成成功。

已用时间 00:00:01.15
