F:\VS PROJECT\XJOI\DEBUG\数组-筛法求素数.EXE
F:\VS PROJECT\XJOI\DEBUG\数组-筛法求素数.ILK
F:\VS PROJECT\XJOI\DEBUG\数组-筛法求素数.PDB
F:\vs project\XJOI\数组-筛法求素数\Debug\cl.command.1.tlog
F:\vs project\XJOI\数组-筛法求素数\Debug\CL.read.1.tlog
F:\vs project\XJOI\数组-筛法求素数\Debug\CL.write.1.tlog
F:\vs project\XJOI\数组-筛法求素数\Debug\link.8216.read.1.tlog
F:\vs project\XJOI\数组-筛法求素数\Debug\link.8216.write.1.tlog
F:\vs project\XJOI\数组-筛法求素数\Debug\link.8216-cvtres.read.1.tlog
F:\vs project\XJOI\数组-筛法求素数\Debug\link.8216-cvtres.write.1.tlog
F:\vs project\XJOI\数组-筛法求素数\Debug\link.command.1.tlog
F:\vs project\XJOI\数组-筛法求素数\Debug\link.read.1.tlog
F:\vs project\XJOI\数组-筛法求素数\Debug\link.write.1.tlog
F:\vs project\XJOI\数组-筛法求素数\Debug\link-cvtres.read.1.tlog
F:\vs project\XJOI\数组-筛法求素数\Debug\link-cvtres.write.1.tlog
F:\vs project\XJOI\数组-筛法求素数\Debug\mt.command.1.tlog
F:\vs project\XJOI\数组-筛法求素数\Debug\mt.read.1.tlog
F:\vs project\XJOI\数组-筛法求素数\Debug\mt.write.1.tlog
F:\vs project\XJOI\数组-筛法求素数\Debug\rc.command.1.tlog
F:\vs project\XJOI\数组-筛法求素数\Debug\rc.read.1.tlog
F:\vs project\XJOI\数组-筛法求素数\Debug\rc.write.1.tlog
F:\vs project\XJOI\数组-筛法求素数\Debug\vc100.idb
F:\VS PROJECT\XJOI\数组-筛法求素数\DEBUG\VC100.PDB
F:\VS PROJECT\XJOI\数组-筛法求素数\DEBUG\数组-筛法求素数.EXE.EMBED.MANIFEST
F:\VS PROJECT\XJOI\数组-筛法求素数\DEBUG\数组-筛法求素数.EXE.EMBED.MANIFEST.RES
F:\VS PROJECT\XJOI\数组-筛法求素数\DEBUG\数组-筛法求素数.EXE.INTERMEDIATE.MANIFEST
F:\VS PROJECT\XJOI\数组-筛法求素数\DEBUG\数组-筛法求素数.OBJ
F:\vs project\XJOI\数组-筛法求素数\Debug\数组-筛法求素数.write.1.tlog
F:\vs project\XJOI\数组-筛法求素数\Debug\数组-筛法求素数_manifest.rc
